{"C:\\Users\\joelm\\Documents\\gospel\\gospelchantetparole-backend\\serveur\\app.js": {"path":"C:\\Users\\joelm\\Documents\\gospel\\gospelchantetparole-backend\\serveur\\app.js","statementMap":{"0":{"start":{"line":2,"column":16},"end":{"line":2,"column":34}},"1":{"start":{"line":3,"column":13},"end":{"line":3,"column":28}},"2":{"start":{"line":4,"column":15},"end":{"line":4,"column":32}},"3":{"start":{"line":5,"column":18},"end":{"line":5,"column":47}},"4":{"start":{"line":6,"column":15},"end":{"line":6,"column":32}},"5":{"start":{"line":7,"column":17},"end":{"line":7,"column":45}},"6":{"start":{"line":8,"column":18},"end":{"line":8,"column":47}},"7":{"start":{"line":9,"column":21},"end":{"line":9,"column":45}},"8":{"start":{"line":10,"column":13},"end":{"line":10,"column":28}},"9":{"start":{"line":12,"column":18},"end":{"line":12,"column":46}},"10":{"start":{"line":13,"column":19},"end":{"line":13,"column":49}},"11":{"start":{"line":14,"column":20},"end":{"line":14,"column":51}},"12":{"start":{"line":15,"column":23},"end":{"line":15,"column":57}},"13":{"start":{"line":16,"column":22},"end":{"line":16,"column":55}},"14":{"start":{"line":17,"column":26},"end":{"line":17,"column":63}},"15":{"start":{"line":18,"column":26},"end":{"line":18,"column":63}},"16":{"start":{"line":19,"column":19},"end":{"line":19,"column":49}},"17":{"start":{"line":20,"column":21},"end":{"line":20,"column":53}},"18":{"start":{"line":21,"column":21},"end":{"line":21,"column":58}},"19":{"start":{"line":22,"column":21},"end":{"line":22,"column":53}},"20":{"start":{"line":24,"column":12},"end":{"line":24,"column":21}},"21":{"start":{"line":27,"column":23},"end":{"line":43,"column":1}},"22":{"start":{"line":45,"column":20},"end":{"line":45,"column":48}},"23":{"start":{"line":48,"column":21},"end":{"line":58,"column":1}},"24":{"start":{"line":61,"column":16},"end":{"line":67,"column":2}},"25":{"start":{"line":70,"column":20},"end":{"line":77,"column":2}},"26":{"start":{"line":73,"column":17},"end":{"line":73,"column":20}},"27":{"start":{"line":80,"column":0},"end":{"line":80,"column":30}},"28":{"start":{"line":81,"column":0},"end":{"line":81,"column":22}},"29":{"start":{"line":82,"column":0},"end":{"line":82,"column":17}},"30":{"start":{"line":83,"column":0},"end":{"line":83,"column":28}},"31":{"start":{"line":84,"column":0},"end":{"line":84,"column":16}},"32":{"start":{"line":85,"column":0},"end":{"line":85,"column":41}},"33":{"start":{"line":86,"column":0},"end":{"line":86,"column":63}},"34":{"start":{"line":89,"column":0},"end":{"line":89,"column":68}},"35":{"start":{"line":92,"column":0},"end":{"line":92,"column":46}},"36":{"start":{"line":93,"column":0},"end":{"line":93,"column":36}},"37":{"start":{"line":94,"column":0},"end":{"line":94,"column":43}},"38":{"start":{"line":95,"column":0},"end":{"line":95,"column":39}},"39":{"start":{"line":96,"column":0},"end":{"line":96,"column":48}},"40":{"start":{"line":97,"column":0},"end":{"line":97,"column":41}},"41":{"start":{"line":98,"column":0},"end":{"line":98,"column":33}},"42":{"start":{"line":99,"column":0},"end":{"line":99,"column":33}},"43":{"start":{"line":102,"column":0},"end":{"line":109,"column":3}},"44":{"start":{"line":103,"column":2},"end":{"line":108,"column":5}},"45":{"start":{"line":112,"column":0},"end":{"line":114,"column":3}},"46":{"start":{"line":113,"column":2},"end":{"line":113,"column":57}},"47":{"start":{"line":117,"column":0},"end":{"line":121,"column":3}},"48":{"start":{"line":118,"column":2},"end":{"line":120,"column":5}},"49":{"start":{"line":124,"column":0},"end":{"line":124,"column":22}},"50":{"start":{"line":127,"column":0},"end":{"line":131,"column":3}},"51":{"start":{"line":128,"column":2},"end":{"line":128,"column":49}},"52":{"start":{"line":130,"column":2},"end":{"line":130,"column":56}},"53":{"start":{"line":133,"column":0},"end":{"line":133,"column":21}}},"fnMap":{"0":{"name":"(anonymous_0)","decl":{"start":{"line":73,"column":11},"end":{"line":73,"column":12}},"loc":{"start":{"line":73,"column":17},"end":{"line":73,"column":20}},"line":73},"1":{"name":"(anonymous_1)","decl":{"start":{"line":102,"column":13},"end":{"line":102,"column":14}},"loc":{"start":{"line":102,"column":27},"end":{"line":109,"column":1}},"line":102},"2":{"name":"(anonymous_2)","decl":{"start":{"line":112,"column":17},"end":{"line":112,"column":18}},"loc":{"start":{"line":112,"column":31},"end":{"line":114,"column":1}},"line":112},"3":{"name":"(anonymous_3)","decl":{"start":{"line":117,"column":13},"end":{"line":117,"column":14}},"loc":{"start":{"line":117,"column":27},"end":{"line":121,"column":1}},"line":117},"4":{"name":"(anonymous_4)","decl":{"start":{"line":127,"column":22},"end":{"line":127,"column":23}},"loc":{"start":{"line":127,"column":28},"end":{"line":129,"column":1}},"line":127},"5":{"name":"(anonymous_5)","decl":{"start":{"line":129,"column":9},"end":{"line":129,"column":10}},"loc":{"start":{"line":129,"column":16},"end":{"line":131,"column":1}},"line":129}},"branchMap":{"0":{"loc":{"start":{"line":37,"column":13},"end":{"line":37,"column":129}},"type":"cond-expr","locations":[{"start":{"line":37,"column":53},"end":{"line":37,"column":80}},{"start":{"line":37,"column":83},"end":{"line":37,"column":129}}],"line":37},"1":{"loc":{"start":{"line":37,"column":103},"end":{"line":37,"column":127}},"type":"binary-expr","locations":[{"start":{"line":37,"column":103},"end":{"line":37,"column":119}},{"start":{"line":37,"column":123},"end":{"line":37,"column":127}}],"line":37},"2":{"loc":{"start":{"line":38,"column":21},"end":{"line":38,"column":113}},"type":"cond-expr","locations":[{"start":{"line":38,"column":61},"end":{"line":38,"column":84}},{"start":{"line":38,"column":87},"end":{"line":38,"column":113}}],"line":38}},"s":{"0":3,"1":3,"2":3,"3":3,"4":3,"5":3,"6":3,"7":3,"8":3,"9":3,"10":3,"11":3,"12":3,"13":3,"14":3,"15":3,"16":3,"17":3,"18":3,"19":3,"20":3,"21":3,"22":3,"23":3,"24":3,"25":3,"26":6,"27":3,"28":3,"29":3,"30":3,"31":3,"32":3,"33":3,"34":3,"35":3,"36":3,"37":3,"38":3,"39":3,"40":3,"41":3,"42":3,"43":3,"44":0,"45":3,"46":0,"47":3,"48":0,"49":3,"50":3,"51":3,"52":0,"53":3},"f":{"0":6,"1":0,"2":0,"3":0,"4":3,"5":0},"b":{"0":[0,3],"1":[3,0],"2":[0,3]},"_coverageSchema":"1a1c01bbd47fc00a2c39e90264f33305004495a9","hash":"55367b3174af5f0269cde4b7b4444db5f35307ea"}
,"C:\\Users\\joelm\\Documents\\gospel\\gospelchantetparole-backend\\serveur\\config\\config.js": {"path":"C:\\Users\\joelm\\Documents\\gospel\\gospelchantetparole-backend\\serveur\\config\\config.js","statementMap":{"0":{"start":{"line":2,"column":0},"end":{"line":2,"column":27}},"1":{"start":{"line":4,"column":15},"end":{"line":64,"column":1}},"2":{"start":{"line":66,"column":20},"end":{"line":66,"column":57}},"3":{"start":{"line":67,"column":0},"end":{"line":67,"column":37}}},"fnMap":{},"branchMap":{"0":{"loc":{"start":{"line":7,"column":12},"end":{"line":7,"column":46}},"type":"binary-expr","locations":[{"start":{"line":7,"column":12},"end":{"line":7,"column":31}},{"start":{"line":7,"column":35},"end":{"line":7,"column":46}}],"line":7},"1":{"loc":{"start":{"line":8,"column":12},"end":{"line":8,"column":41}},"type":"binary-expr","locations":[{"start":{"line":8,"column":12},"end":{"line":8,"column":31}},{"start":{"line":8,"column":35},"end":{"line":8,"column":41}}],"line":8},"2":{"loc":{"start":{"line":9,"column":16},"end":{"line":9,"column":41}},"type":"binary-expr","locations":[{"start":{"line":9,"column":16},"end":{"line":9,"column":35}},{"start":{"line":9,"column":39},"end":{"line":9,"column":41}}],"line":9},"3":{"loc":{"start":{"line":10,"column":16},"end":{"line":10,"column":60}},"type":"binary-expr","locations":[{"start":{"line":10,"column":16},"end":{"line":10,"column":35}},{"start":{"line":10,"column":39},"end":{"line":10,"column":60}}],"line":10},"4":{"loc":{"start":{"line":15,"column":14},"end":{"line":15,"column":61}},"type":"binary-expr","locations":[{"start":{"line":15,"column":14},"end":{"line":15,"column":36}},{"start":{"line":15,"column":40},"end":{"line":15,"column":61}}],"line":15},"5":{"loc":{"start":{"line":19,"column":12},"end":{"line":19,"column":36}},"type":"binary-expr","locations":[{"start":{"line":19,"column":12},"end":{"line":19,"column":28}},{"start":{"line":19,"column":32},"end":{"line":19,"column":36}}],"line":19},"6":{"loc":{"start":{"line":25,"column":12},"end":{"line":25,"column":46}},"type":"binary-expr","locations":[{"start":{"line":25,"column":12},"end":{"line":25,"column":31}},{"start":{"line":25,"column":35},"end":{"line":25,"column":46}}],"line":25},"7":{"loc":{"start":{"line":26,"column":12},"end":{"line":26,"column":41}},"type":"binary-expr","locations":[{"start":{"line":26,"column":12},"end":{"line":26,"column":31}},{"start":{"line":26,"column":35},"end":{"line":26,"column":41}}],"line":26},"8":{"loc":{"start":{"line":27,"column":16},"end":{"line":27,"column":41}},"type":"binary-expr","locations":[{"start":{"line":27,"column":16},"end":{"line":27,"column":35}},{"start":{"line":27,"column":39},"end":{"line":27,"column":41}}],"line":27},"9":{"loc":{"start":{"line":28,"column":16},"end":{"line":28,"column":70}},"type":"binary-expr","locations":[{"start":{"line":28,"column":16},"end":{"line":28,"column":40}},{"start":{"line":28,"column":44},"end":{"line":28,"column":70}}],"line":28},"10":{"loc":{"start":{"line":33,"column":14},"end":{"line":33,"column":57}},"type":"binary-expr","locations":[{"start":{"line":33,"column":14},"end":{"line":33,"column":36}},{"start":{"line":33,"column":40},"end":{"line":33,"column":57}}],"line":33},"11":{"loc":{"start":{"line":37,"column":12},"end":{"line":37,"column":36}},"type":"binary-expr","locations":[{"start":{"line":37,"column":12},"end":{"line":37,"column":28}},{"start":{"line":37,"column":32},"end":{"line":37,"column":36}}],"line":37},"12":{"loc":{"start":{"line":61,"column":12},"end":{"line":61,"column":36}},"type":"binary-expr","locations":[{"start":{"line":61,"column":12},"end":{"line":61,"column":28}},{"start":{"line":61,"column":32},"end":{"line":61,"column":36}}],"line":61},"13":{"loc":{"start":{"line":66,"column":20},"end":{"line":66,"column":57}},"type":"binary-expr","locations":[{"start":{"line":66,"column":20},"end":{"line":66,"column":40}},{"start":{"line":66,"column":44},"end":{"line":66,"column":57}}],"line":66}},"s":{"0":0,"1":0,"2":0,"3":0},"f":{},"b":{"0":[0,0],"1":[0,0],"2":[0,0],"3":[0,0],"4":[0,0],"5":[0,0],"6":[0,0],"7":[0,0],"8":[0,0],"9":[0,0],"10":[0,0],"11":[0,0],"12":[0,0],"13":[0,0]}}
,"C:\\Users\\joelm\\Documents\\gospel\\gospelchantetparole-backend\\serveur\\config\\database.js": {"path":"C:\\Users\\joelm\\Documents\\gospel\\gospelchantetparole-backend\\serveur\\config\\database.js","statementMap":{"0":{"start":{"line":1,"column":0},"end":{"line":1,"column":27}},"1":{"start":{"line":2,"column":22},"end":{"line":2,"column":42}},"2":{"start":{"line":7,"column":0},"end":{"line":30,"column":1}},"3":{"start":{"line":8,"column":2},"end":{"line":17,"column":5}},"4":{"start":{"line":20,"column":2},"end":{"line":29,"column":4}},"5":{"start":{"line":32,"column":0},"end":{"line":32,"column":27}}},"fnMap":{},"branchMap":{"0":{"loc":{"start":{"line":7,"column":0},"end":{"line":30,"column":1}},"type":"if","locations":[{"start":{"line":7,"column":0},"end":{"line":30,"column":1}},{"start":{"line":18,"column":7},"end":{"line":30,"column":1}}],"line":7}},"s":{"0":3,"1":3,"2":3,"3":3,"4":0,"5":3},"f":{},"b":{"0":[3,0]},"_coverageSchema":"1a1c01bbd47fc00a2c39e90264f33305004495a9","hash":"09902ff26584e426159e77fcf35b3e39723f2cd8"}
,"C:\\Users\\joelm\\Documents\\gospel\\gospelchantetparole-backend\\serveur\\config\\test.config.js": {"path":"C:\\Users\\joelm\\Documents\\gospel\\gospelchantetparole-backend\\serveur\\config\\test.config.js","statementMap":{"0":{"start":{"line":1,"column":22},"end":{"line":1,"column":42}},"1":{"start":{"line":4,"column":21},"end":{"line":13,"column":2}},"2":{"start":{"line":15,"column":0},"end":{"line":15,"column":30}}},"fnMap":{},"branchMap":{},"s":{"0":0,"1":0,"2":0},"f":{},"b":{}}
,"C:\\Users\\joelm\\Documents\\gospel\\gospelchantetparole-backend\\serveur\\controllers\\authController.js": {"path":"C:\\Users\\joelm\\Documents\\gospel\\gospelchantetparole-backend\\serveur\\controllers\\authController.js","statementMap":{"0":{"start":{"line":2,"column":18},"end":{"line":2,"column":38}},"1":{"start":{"line":3,"column":15},"end":{"line":3,"column":35}},"2":{"start":{"line":4,"column":15},"end":{"line":4,"column":32}},"3":{"start":{"line":5,"column":12},"end":{"line":5,"column":35}},"4":{"start":{"line":7,"column":0},"end":{"line":48,"column":2}},"5":{"start":{"line":8,"column":2},"end":{"line":47,"column":3}},"6":{"start":{"line":9,"column":42},"end":{"line":9,"column":50}},"7":{"start":{"line":12,"column":24},"end":{"line":12,"column":36}},"8":{"start":{"line":13,"column":4},"end":{"line":18,"column":5}},"9":{"start":{"line":14,"column":6},"end":{"line":17,"column":8}},"10":{"start":{"line":20,"column":26},"end":{"line":20,"column":69}},"11":{"start":{"line":22,"column":4},"end":{"line":26,"column":5}},"12":{"start":{"line":23,"column":6},"end":{"line":25,"column":9}},"13":{"start":{"line":29,"column":17},"end":{"line":29,"column":48}},"14":{"start":{"line":32,"column":18},"end":{"line":36,"column":6}},"15":{"start":{"line":39,"column":42},"end":{"line":39,"column":56}},"16":{"start":{"line":41,"column":4},"end":{"line":44,"column":7}},"17":{"start":{"line":46,"column":4},"end":{"line":46,"column":14}},"18":{"start":{"line":50,"column":0},"end":{"line":102,"column":2}},"19":{"start":{"line":51,"column":2},"end":{"line":101,"column":3}},"20":{"start":{"line":52,"column":35},"end":{"line":52,"column":43}},"21":{"start":{"line":55,"column":18},"end":{"line":62,"column":6}},"22":{"start":{"line":64,"column":4},"end":{"line":68,"column":5}},"23":{"start":{"line":65,"column":6},"end":{"line":67,"column":9}},"24":{"start":{"line":71,"column":28},"end":{"line":71,"column":74}},"25":{"start":{"line":72,"column":4},"end":{"line":76,"column":5}},"26":{"start":{"line":73,"column":6},"end":{"line":75,"column":9}},"27":{"start":{"line":79,"column":18},"end":{"line":89,"column":5}},"28":{"start":{"line":92,"column":42},"end":{"line":92,"column":56}},"29":{"start":{"line":94,"column":4},"end":{"line":98,"column":7}},"30":{"start":{"line":100,"column":4},"end":{"line":100,"column":14}},"31":{"start":{"line":104,"column":0},"end":{"line":122,"column":2}},"32":{"start":{"line":105,"column":2},"end":{"line":121,"column":3}},"33":{"start":{"line":106,"column":18},"end":{"line":108,"column":6}},"34":{"start":{"line":110,"column":4},"end":{"line":114,"column":5}},"35":{"start":{"line":111,"column":6},"end":{"line":113,"column":9}},"36":{"start":{"line":116,"column":4},"end":{"line":118,"column":7}},"37":{"start":{"line":120,"column":4},"end":{"line":120,"column":14}}},"fnMap":{"0":{"name":"(anonymous_0)","decl":{"start":{"line":7,"column":19},"end":{"line":7,"column":20}},"loc":{"start":{"line":7,"column":45},"end":{"line":48,"column":1}},"line":7},"1":{"name":"(anonymous_1)","decl":{"start":{"line":50,"column":16},"end":{"line":50,"column":17}},"loc":{"start":{"line":50,"column":42},"end":{"line":102,"column":1}},"line":50},"2":{"name":"(anonymous_2)","decl":{"start":{"line":104,"column":18},"end":{"line":104,"column":19}},"loc":{"start":{"line":104,"column":44},"end":{"line":122,"column":1}},"line":104}},"branchMap":{"0":{"loc":{"start":{"line":13,"column":4},"end":{"line":18,"column":5}},"type":"if","locations":[{"start":{"line":13,"column":4},"end":{"line":18,"column":5}},{"start":{},"end":{}}],"line":13},"1":{"loc":{"start":{"line":22,"column":4},"end":{"line":26,"column":5}},"type":"if","locations":[{"start":{"line":22,"column":4},"end":{"line":26,"column":5}},{"start":{},"end":{}}],"line":22},"2":{"loc":{"start":{"line":34,"column":13},"end":{"line":34,"column":26}},"type":"binary-expr","locations":[{"start":{"line":34,"column":13},"end":{"line":34,"column":18}},{"start":{"line":34,"column":22},"end":{"line":34,"column":26}}],"line":34},"3":{"loc":{"start":{"line":64,"column":4},"end":{"line":68,"column":5}},"type":"if","locations":[{"start":{"line":64,"column":4},"end":{"line":68,"column":5}},{"start":{},"end":{}}],"line":64},"4":{"loc":{"start":{"line":72,"column":4},"end":{"line":76,"column":5}},"type":"if","locations":[{"start":{"line":72,"column":4},"end":{"line":76,"column":5}},{"start":{},"end":{}}],"line":72},"5":{"loc":{"start":{"line":110,"column":4},"end":{"line":114,"column":5}},"type":"if","locations":[{"start":{"line":110,"column":4},"end":{"line":114,"column":5}},{"start":{},"end":{}}],"line":110}},"s":{"0":3,"1":3,"2":3,"3":3,"4":3,"5":3,"6":3,"7":3,"8":3,"9":0,"10":3,"11":3,"12":1,"13":2,"14":2,"15":2,"16":2,"17":0,"18":3,"19":4,"20":4,"21":4,"22":4,"23":1,"24":3,"25":3,"26":1,"27":2,"28":2,"29":2,"30":0,"31":3,"32":1,"33":1,"34":1,"35":0,"36":1,"37":0},"f":{"0":3,"1":4,"2":1},"b":{"0":[0,3],"1":[1,2],"2":[2,2],"3":[1,3],"4":[1,2],"5":[0,1]},"_coverageSchema":"1a1c01bbd47fc00a2c39e90264f33305004495a9","hash":"1404a288735ac10f108d2a1d2494c7424375d7f8"}
,"C:\\Users\\joelm\\Documents\\gospel\\gospelchantetparole-backend\\serveur\\controllers\\categoryController.js": {"path":"C:\\Users\\joelm\\Documents\\gospel\\gospelchantetparole-backend\\serveur\\controllers\\categoryController.js","statementMap":{"0":{"start":{"line":2,"column":28},"end":{"line":2,"column":48}},"1":{"start":{"line":4,"column":0},"end":{"line":21,"column":2}},"2":{"start":{"line":5,"column":2},"end":{"line":20,"column":3}},"3":{"start":{"line":6,"column":23},"end":{"line":12,"column":6}},"4":{"start":{"line":14,"column":4},"end":{"line":17,"column":7}},"5":{"start":{"line":19,"column":4},"end":{"line":19,"column":14}},"6":{"start":{"line":23,"column":0},"end":{"line":43,"column":2}},"7":{"start":{"line":24,"column":2},"end":{"line":42,"column":3}},"8":{"start":{"line":25,"column":19},"end":{"line":25,"column":29}},"9":{"start":{"line":26,"column":21},"end":{"line":31,"column":6}},"10":{"start":{"line":33,"column":4},"end":{"line":37,"column":5}},"11":{"start":{"line":34,"column":6},"end":{"line":36,"column":9}},"12":{"start":{"line":39,"column":4},"end":{"line":39,"column":23}},"13":{"start":{"line":41,"column":4},"end":{"line":41,"column":14}},"14":{"start":{"line":45,"column":0},"end":{"line":66,"column":2}},"15":{"start":{"line":46,"column":2},"end":{"line":65,"column":3}},"16":{"start":{"line":47,"column":21},"end":{"line":47,"column":29}},"17":{"start":{"line":50,"column":29},"end":{"line":50,"column":72}},"18":{"start":{"line":51,"column":4},"end":{"line":55,"column":5}},"19":{"start":{"line":52,"column":6},"end":{"line":54,"column":9}},"20":{"start":{"line":57,"column":21},"end":{"line":57,"column":52}},"21":{"start":{"line":59,"column":4},"end":{"line":62,"column":7}},"22":{"start":{"line":64,"column":4},"end":{"line":64,"column":14}},"23":{"start":{"line":68,"column":0},"end":{"line":99,"column":2}},"24":{"start":{"line":69,"column":2},"end":{"line":98,"column":3}},"25":{"start":{"line":70,"column":19},"end":{"line":70,"column":29}},"26":{"start":{"line":71,"column":21},"end":{"line":71,"column":29}},"27":{"start":{"line":73,"column":21},"end":{"line":73,"column":48}},"28":{"start":{"line":74,"column":4},"end":{"line":78,"column":5}},"29":{"start":{"line":75,"column":6},"end":{"line":77,"column":9}},"30":{"start":{"line":81,"column":4},"end":{"line":88,"column":5}},"31":{"start":{"line":82,"column":31},"end":{"line":82,"column":74}},"32":{"start":{"line":83,"column":6},"end":{"line":87,"column":7}},"33":{"start":{"line":84,"column":8},"end":{"line":86,"column":11}},"34":{"start":{"line":90,"column":4},"end":{"line":90,"column":59}},"35":{"start":{"line":92,"column":4},"end":{"line":95,"column":7}},"36":{"start":{"line":97,"column":4},"end":{"line":97,"column":14}},"37":{"start":{"line":101,"column":0},"end":{"line":128,"column":2}},"38":{"start":{"line":102,"column":2},"end":{"line":127,"column":3}},"39":{"start":{"line":103,"column":19},"end":{"line":103,"column":29}},"40":{"start":{"line":105,"column":21},"end":{"line":105,"column":48}},"41":{"start":{"line":106,"column":4},"end":{"line":110,"column":5}},"42":{"start":{"line":107,"column":6},"end":{"line":109,"column":9}},"43":{"start":{"line":113,"column":24},"end":{"line":113,"column":73}},"44":{"start":{"line":114,"column":4},"end":{"line":118,"column":5}},"45":{"start":{"line":115,"column":6},"end":{"line":117,"column":9}},"46":{"start":{"line":120,"column":4},"end":{"line":120,"column":29}},"47":{"start":{"line":122,"column":4},"end":{"line":124,"column":7}},"48":{"start":{"line":126,"column":4},"end":{"line":126,"column":14}}},"fnMap":{"0":{"name":"(anonymous_0)","decl":{"start":{"line":4,"column":17},"end":{"line":4,"column":18}},"loc":{"start":{"line":4,"column":43},"end":{"line":21,"column":1}},"line":4},"1":{"name":"(anonymous_1)","decl":{"start":{"line":23,"column":18},"end":{"line":23,"column":19}},"loc":{"start":{"line":23,"column":44},"end":{"line":43,"column":1}},"line":23},"2":{"name":"(anonymous_2)","decl":{"start":{"line":45,"column":17},"end":{"line":45,"column":18}},"loc":{"start":{"line":45,"column":43},"end":{"line":66,"column":1}},"line":45},"3":{"name":"(anonymous_3)","decl":{"start":{"line":68,"column":17},"end":{"line":68,"column":18}},"loc":{"start":{"line":68,"column":43},"end":{"line":99,"column":1}},"line":68},"4":{"name":"(anonymous_4)","decl":{"start":{"line":101,"column":17},"end":{"line":101,"column":18}},"loc":{"start":{"line":101,"column":43},"end":{"line":128,"column":1}},"line":101}},"branchMap":{"0":{"loc":{"start":{"line":33,"column":4},"end":{"line":37,"column":5}},"type":"if","locations":[{"start":{"line":33,"column":4},"end":{"line":37,"column":5}},{"start":{},"end":{}}],"line":33},"1":{"loc":{"start":{"line":51,"column":4},"end":{"line":55,"column":5}},"type":"if","locations":[{"start":{"line":51,"column":4},"end":{"line":55,"column":5}},{"start":{},"end":{}}],"line":51},"2":{"loc":{"start":{"line":74,"column":4},"end":{"line":78,"column":5}},"type":"if","locations":[{"start":{"line":74,"column":4},"end":{"line":78,"column":5}},{"start":{},"end":{}}],"line":74},"3":{"loc":{"start":{"line":81,"column":4},"end":{"line":88,"column":5}},"type":"if","locations":[{"start":{"line":81,"column":4},"end":{"line":88,"column":5}},{"start":{},"end":{}}],"line":81},"4":{"loc":{"start":{"line":81,"column":8},"end":{"line":81,"column":38}},"type":"binary-expr","locations":[{"start":{"line":81,"column":8},"end":{"line":81,"column":12}},{"start":{"line":81,"column":16},"end":{"line":81,"column":38}}],"line":81},"5":{"loc":{"start":{"line":83,"column":6},"end":{"line":87,"column":7}},"type":"if","locations":[{"start":{"line":83,"column":6},"end":{"line":87,"column":7}},{"start":{},"end":{}}],"line":83},"6":{"loc":{"start":{"line":90,"column":34},"end":{"line":90,"column":55}},"type":"binary-expr","locations":[{"start":{"line":90,"column":34},"end":{"line":90,"column":38}},{"start":{"line":90,"column":42},"end":{"line":90,"column":55}}],"line":90},"7":{"loc":{"start":{"line":106,"column":4},"end":{"line":110,"column":5}},"type":"if","locations":[{"start":{"line":106,"column":4},"end":{"line":110,"column":5}},{"start":{},"end":{}}],"line":106},"8":{"loc":{"start":{"line":114,"column":4},"end":{"line":118,"column":5}},"type":"if","locations":[{"start":{"line":114,"column":4},"end":{"line":118,"column":5}},{"start":{},"end":{}}],"line":114}},"s":{"0":3,"1":3,"2":1,"3":1,"4":1,"5":0,"6":3,"7":2,"8":2,"9":2,"10":2,"11":1,"12":1,"13":0,"14":3,"15":3,"16":3,"17":3,"18":3,"19":1,"20":2,"21":2,"22":0,"23":3,"24":2,"25":2,"26":2,"27":2,"28":2,"29":1,"30":1,"31":1,"32":1,"33":0,"34":1,"35":1,"36":0,"37":3,"38":3,"39":3,"40":3,"41":3,"42":1,"43":2,"44":2,"45":1,"46":1,"47":1,"48":0},"f":{"0":1,"1":2,"2":3,"3":2,"4":3},"b":{"0":[1,1],"1":[1,2],"2":[1,1],"3":[1,0],"4":[1,1],"5":[0,1],"6":[1,0],"7":[1,2],"8":[1,1]},"_coverageSchema":"1a1c01bbd47fc00a2c39e90264f33305004495a9","hash":"9ae72c995336c8b81f88ca9ac41c7700d4fff021"}
,"C:\\Users\\joelm\\Documents\\gospel\\gospelchantetparole-backend\\serveur\\controllers\\chantController.js": {"path":"C:\\Users\\joelm\\Documents\\gospel\\gospelchantetparole-backend\\serveur\\controllers\\chantController.js","statementMap":{"0":{"start":{"line":2,"column":28},"end":{"line":2,"column":48}},"1":{"start":{"line":3,"column":15},"end":{"line":3,"column":35}},"2":{"start":{"line":5,"column":0},"end":{"line":42,"column":2}},"3":{"start":{"line":6,"column":2},"end":{"line":41,"column":3}},"4":{"start":{"line":7,"column":18},"end":{"line":7,"column":49}},"5":{"start":{"line":8,"column":19},"end":{"line":8,"column":50}},"6":{"start":{"line":9,"column":19},"end":{"line":9,"column":41}},"7":{"start":{"line":11,"column":27},"end":{"line":16,"column":10}},"8":{"start":{"line":18,"column":19},"end":{"line":27,"column":6}},"9":{"start":{"line":29,"column":4},"end":{"line":38,"column":7}},"10":{"start":{"line":40,"column":4},"end":{"line":40,"column":14}},"11":{"start":{"line":44,"column":0},"end":{"line":64,"column":2}},"12":{"start":{"line":45,"column":2},"end":{"line":63,"column":3}},"13":{"start":{"line":46,"column":19},"end":{"line":46,"column":29}},"14":{"start":{"line":47,"column":18},"end":{"line":52,"column":6}},"15":{"start":{"line":54,"column":4},"end":{"line":58,"column":5}},"16":{"start":{"line":55,"column":6},"end":{"line":57,"column":9}},"17":{"start":{"line":60,"column":4},"end":{"line":60,"column":20}},"18":{"start":{"line":62,"column":4},"end":{"line":62,"column":14}},"19":{"start":{"line":66,"column":0},"end":{"line":101,"column":2}},"20":{"start":{"line":67,"column":2},"end":{"line":100,"column":3}},"21":{"start":{"line":68,"column":43},"end":{"line":68,"column":51}},"22":{"start":{"line":71,"column":4},"end":{"line":78,"column":5}},"23":{"start":{"line":72,"column":29},"end":{"line":72,"column":65}},"24":{"start":{"line":73,"column":6},"end":{"line":77,"column":7}},"25":{"start":{"line":74,"column":8},"end":{"line":76,"column":11}},"26":{"start":{"line":80,"column":18},"end":{"line":84,"column":6}},"27":{"start":{"line":87,"column":25},"end":{"line":92,"column":6}},"28":{"start":{"line":94,"column":4},"end":{"line":97,"column":7}},"29":{"start":{"line":99,"column":4},"end":{"line":99,"column":14}},"30":{"start":{"line":103,"column":0},"end":{"line":146,"column":2}},"31":{"start":{"line":104,"column":2},"end":{"line":145,"column":3}},"32":{"start":{"line":105,"column":19},"end":{"line":105,"column":29}},"33":{"start":{"line":106,"column":43},"end":{"line":106,"column":51}},"34":{"start":{"line":108,"column":18},"end":{"line":108,"column":42}},"35":{"start":{"line":109,"column":4},"end":{"line":113,"column":5}},"36":{"start":{"line":110,"column":6},"end":{"line":112,"column":9}},"37":{"start":{"line":116,"column":4},"end":{"line":123,"column":5}},"38":{"start":{"line":117,"column":29},"end":{"line":117,"column":65}},"39":{"start":{"line":118,"column":6},"end":{"line":122,"column":7}},"40":{"start":{"line":119,"column":8},"end":{"line":121,"column":11}},"41":{"start":{"line":125,"column":4},"end":{"line":129,"column":7}},"42":{"start":{"line":132,"column":25},"end":{"line":137,"column":6}},"43":{"start":{"line":139,"column":4},"end":{"line":142,"column":7}},"44":{"start":{"line":144,"column":4},"end":{"line":144,"column":14}},"45":{"start":{"line":148,"column":0},"end":{"line":167,"column":2}},"46":{"start":{"line":149,"column":2},"end":{"line":166,"column":3}},"47":{"start":{"line":150,"column":19},"end":{"line":150,"column":29}},"48":{"start":{"line":152,"column":18},"end":{"line":152,"column":42}},"49":{"start":{"line":153,"column":4},"end":{"line":157,"column":5}},"50":{"start":{"line":154,"column":6},"end":{"line":156,"column":9}},"51":{"start":{"line":159,"column":4},"end":{"line":159,"column":26}},"52":{"start":{"line":161,"column":4},"end":{"line":163,"column":7}},"53":{"start":{"line":165,"column":4},"end":{"line":165,"column":14}}},"fnMap":{"0":{"name":"(anonymous_0)","decl":{"start":{"line":5,"column":17},"end":{"line":5,"column":18}},"loc":{"start":{"line":5,"column":43},"end":{"line":42,"column":1}},"line":5},"1":{"name":"(anonymous_1)","decl":{"start":{"line":44,"column":18},"end":{"line":44,"column":19}},"loc":{"start":{"line":44,"column":44},"end":{"line":64,"column":1}},"line":44},"2":{"name":"(anonymous_2)","decl":{"start":{"line":66,"column":17},"end":{"line":66,"column":18}},"loc":{"start":{"line":66,"column":43},"end":{"line":101,"column":1}},"line":66},"3":{"name":"(anonymous_3)","decl":{"start":{"line":103,"column":17},"end":{"line":103,"column":18}},"loc":{"start":{"line":103,"column":43},"end":{"line":146,"column":1}},"line":103},"4":{"name":"(anonymous_4)","decl":{"start":{"line":148,"column":17},"end":{"line":148,"column":18}},"loc":{"start":{"line":148,"column":43},"end":{"line":167,"column":1}},"line":148}},"branchMap":{"0":{"loc":{"start":{"line":7,"column":18},"end":{"line":7,"column":49}},"type":"binary-expr","locations":[{"start":{"line":7,"column":18},"end":{"line":7,"column":43}},{"start":{"line":7,"column":47},"end":{"line":7,"column":49}}],"line":7},"1":{"loc":{"start":{"line":8,"column":19},"end":{"line":8,"column":50}},"type":"binary-expr","locations":[{"start":{"line":8,"column":19},"end":{"line":8,"column":45}},{"start":{"line":8,"column":49},"end":{"line":8,"column":50}}],"line":8},"2":{"loc":{"start":{"line":9,"column":19},"end":{"line":9,"column":41}},"type":"binary-expr","locations":[{"start":{"line":9,"column":19},"end":{"line":9,"column":35}},{"start":{"line":9,"column":39},"end":{"line":9,"column":41}}],"line":9},"3":{"loc":{"start":{"line":11,"column":27},"end":{"line":16,"column":10}},"type":"cond-expr","locations":[{"start":{"line":11,"column":36},"end":{"line":16,"column":5}},{"start":{"line":16,"column":8},"end":{"line":16,"column":10}}],"line":11},"4":{"loc":{"start":{"line":54,"column":4},"end":{"line":58,"column":5}},"type":"if","locations":[{"start":{"line":54,"column":4},"end":{"line":58,"column":5}},{"start":{},"end":{}}],"line":54},"5":{"loc":{"start":{"line":71,"column":4},"end":{"line":78,"column":5}},"type":"if","locations":[{"start":{"line":71,"column":4},"end":{"line":78,"column":5}},{"start":{},"end":{}}],"line":71},"6":{"loc":{"start":{"line":73,"column":6},"end":{"line":77,"column":7}},"type":"if","locations":[{"start":{"line":73,"column":6},"end":{"line":77,"column":7}},{"start":{},"end":{}}],"line":73},"7":{"loc":{"start":{"line":83,"column":19},"end":{"line":83,"column":38}},"type":"binary-expr","locations":[{"start":{"line":83,"column":19},"end":{"line":83,"column":30}},{"start":{"line":83,"column":34},"end":{"line":83,"column":38}}],"line":83},"8":{"loc":{"start":{"line":109,"column":4},"end":{"line":113,"column":5}},"type":"if","locations":[{"start":{"line":109,"column":4},"end":{"line":113,"column":5}},{"start":{},"end":{}}],"line":109},"9":{"loc":{"start":{"line":116,"column":4},"end":{"line":123,"column":5}},"type":"if","locations":[{"start":{"line":116,"column":4},"end":{"line":123,"column":5}},{"start":{},"end":{}}],"line":116},"10":{"loc":{"start":{"line":118,"column":6},"end":{"line":122,"column":7}},"type":"if","locations":[{"start":{"line":118,"column":6},"end":{"line":122,"column":7}},{"start":{},"end":{}}],"line":118},"11":{"loc":{"start":{"line":126,"column":13},"end":{"line":126,"column":33}},"type":"binary-expr","locations":[{"start":{"line":126,"column":13},"end":{"line":126,"column":18}},{"start":{"line":126,"column":22},"end":{"line":126,"column":33}}],"line":126},"12":{"loc":{"start":{"line":127,"column":14},"end":{"line":127,"column":36}},"type":"binary-expr","locations":[{"start":{"line":127,"column":14},"end":{"line":127,"column":20}},{"start":{"line":127,"column":24},"end":{"line":127,"column":36}}],"line":127},"13":{"loc":{"start":{"line":128,"column":19},"end":{"line":128,"column":78}},"type":"cond-expr","locations":[{"start":{"line":128,"column":47},"end":{"line":128,"column":58}},{"start":{"line":128,"column":61},"end":{"line":128,"column":78}}],"line":128},"14":{"loc":{"start":{"line":153,"column":4},"end":{"line":157,"column":5}},"type":"if","locations":[{"start":{"line":153,"column":4},"end":{"line":157,"column":5}},{"start":{},"end":{}}],"line":153}},"s":{"0":3,"1":3,"2":3,"3":3,"4":3,"5":3,"6":3,"7":3,"8":3,"9":3,"10":0,"11":3,"12":2,"13":2,"14":2,"15":2,"16":1,"17":1,"18":0,"19":3,"20":2,"21":2,"22":2,"23":2,"24":2,"25":1,"26":1,"27":1,"28":1,"29":0,"30":3,"31":2,"32":2,"33":2,"34":2,"35":2,"36":1,"37":1,"38":0,"39":0,"40":0,"41":1,"42":1,"43":1,"44":0,"45":3,"46":2,"47":2,"48":2,"49":2,"50":1,"51":1,"52":1,"53":0},"f":{"0":3,"1":2,"2":2,"3":2,"4":2},"b":{"0":[3,2],"1":[3,3],"2":[3,2],"3":[1,2],"4":[1,1],"5":[2,0],"6":[1,1],"7":[1,0],"8":[1,1],"9":[0,1],"10":[0,0],"11":[1,0],"12":[1,0],"13":[0,1],"14":[1,1]},"_coverageSchema":"1a1c01bbd47fc00a2c39e90264f33305004495a9","hash":"59650aa6d6482e16588b84d79a25455dabf4ea7a"}
,"C:\\Users\\joelm\\Documents\\gospel\\gospelchantetparole-backend\\serveur\\controllers\\favorisController.js": {"path":"C:\\Users\\joelm\\Documents\\gospel\\gospelchantetparole-backend\\serveur\\controllers\\favorisController.js","statementMap":{"0":{"start":{"line":2,"column":37},"end":{"line":2,"column":57}},"1":{"start":{"line":5,"column":0},"end":{"line":33,"column":2}},"2":{"start":{"line":6,"column":2},"end":{"line":32,"column":3}},"3":{"start":{"line":7,"column":39},"end":{"line":7,"column":48}},"4":{"start":{"line":9,"column":20},"end":{"line":17,"column":6}},"5":{"start":{"line":19,"column":4},"end":{"line":29,"column":7}},"6":{"start":{"line":31,"column":4},"end":{"line":31,"column":14}},"7":{"start":{"line":36,"column":0},"end":{"line":86,"column":2}},"8":{"start":{"line":37,"column":2},"end":{"line":85,"column":3}},"9":{"start":{"line":38,"column":33},"end":{"line":38,"column":41}},"10":{"start":{"line":40,"column":4},"end":{"line":44,"column":5}},"11":{"start":{"line":41,"column":6},"end":{"line":43,"column":9}},"12":{"start":{"line":46,"column":20},"end":{"line":46,"column":22}},"13":{"start":{"line":47,"column":19},"end":{"line":47,"column":21}},"14":{"start":{"line":49,"column":4},"end":{"line":76,"column":5}},"15":{"start":{"line":50,"column":6},"end":{"line":75,"column":7}},"16":{"start":{"line":52,"column":22},"end":{"line":52,"column":59}},"17":{"start":{"line":53,"column":8},"end":{"line":56,"column":9}},"18":{"start":{"line":54,"column":10},"end":{"line":54,"column":61}},"19":{"start":{"line":55,"column":10},"end":{"line":55,"column":19}},"20":{"start":{"line":59,"column":31},"end":{"line":64,"column":10}},"21":{"start":{"line":66,"column":8},"end":{"line":72,"column":9}},"22":{"start":{"line":67,"column":28},"end":{"line":70,"column":12}},"23":{"start":{"line":71,"column":10},"end":{"line":71,"column":34}},"24":{"start":{"line":74,"column":8},"end":{"line":74,"column":78}},"25":{"start":{"line":78,"column":4},"end":{"line":82,"column":7}},"26":{"start":{"line":84,"column":4},"end":{"line":84,"column":14}},"27":{"start":{"line":89,"column":0},"end":{"line":108,"column":2}},"28":{"start":{"line":90,"column":2},"end":{"line":107,"column":3}},"29":{"start":{"line":91,"column":19},"end":{"line":91,"column":29}},"30":{"start":{"line":93,"column":19},"end":{"line":93,"column":45}},"31":{"start":{"line":94,"column":4},"end":{"line":98,"column":5}},"32":{"start":{"line":95,"column":6},"end":{"line":97,"column":9}},"33":{"start":{"line":100,"column":4},"end":{"line":100,"column":27}},"34":{"start":{"line":102,"column":4},"end":{"line":104,"column":7}},"35":{"start":{"line":106,"column":4},"end":{"line":106,"column":14}},"36":{"start":{"line":111,"column":0},"end":{"line":149,"column":2}},"37":{"start":{"line":112,"column":2},"end":{"line":148,"column":3}},"38":{"start":{"line":113,"column":25},"end":{"line":113,"column":46}},"39":{"start":{"line":114,"column":24},"end":{"line":117,"column":6}},"40":{"start":{"line":120,"column":22},"end":{"line":136,"column":6}},"41":{"start":{"line":138,"column":4},"end":{"line":145,"column":7}},"42":{"start":{"line":147,"column":4},"end":{"line":147,"column":14}}},"fnMap":{"0":{"name":"(anonymous_0)","decl":{"start":{"line":5,"column":24},"end":{"line":5,"column":25}},"loc":{"start":{"line":5,"column":50},"end":{"line":33,"column":1}},"line":5},"1":{"name":"(anonymous_1)","decl":{"start":{"line":36,"column":22},"end":{"line":36,"column":23}},"loc":{"start":{"line":36,"column":48},"end":{"line":86,"column":1}},"line":36},"2":{"name":"(anonymous_2)","decl":{"start":{"line":89,"column":23},"end":{"line":89,"column":24}},"loc":{"start":{"line":89,"column":49},"end":{"line":108,"column":1}},"line":89},"3":{"name":"(anonymous_3)","decl":{"start":{"line":111,"column":26},"end":{"line":111,"column":27}},"loc":{"start":{"line":111,"column":52},"end":{"line":149,"column":1}},"line":111}},"branchMap":{"0":{"loc":{"start":{"line":7,"column":12},"end":{"line":7,"column":22}},"type":"default-arg","locations":[{"start":{"line":7,"column":20},"end":{"line":7,"column":22}}],"line":7},"1":{"loc":{"start":{"line":7,"column":24},"end":{"line":7,"column":34}},"type":"default-arg","locations":[{"start":{"line":7,"column":33},"end":{"line":7,"column":34}}],"line":7},"2":{"loc":{"start":{"line":40,"column":4},"end":{"line":44,"column":5}},"type":"if","locations":[{"start":{"line":40,"column":4},"end":{"line":44,"column":5}},{"start":{},"end":{}}],"line":40},"3":{"loc":{"start":{"line":40,"column":8},"end":{"line":40,"column":43}},"type":"binary-expr","locations":[{"start":{"line":40,"column":8},"end":{"line":40,"column":16}},{"start":{"line":40,"column":20},"end":{"line":40,"column":43}}],"line":40},"4":{"loc":{"start":{"line":53,"column":8},"end":{"line":56,"column":9}},"type":"if","locations":[{"start":{"line":53,"column":8},"end":{"line":56,"column":9}},{"start":{},"end":{}}],"line":53},"5":{"loc":{"start":{"line":66,"column":8},"end":{"line":72,"column":9}},"type":"if","locations":[{"start":{"line":66,"column":8},"end":{"line":72,"column":9}},{"start":{},"end":{}}],"line":66},"6":{"loc":{"start":{"line":81,"column":14},"end":{"line":81,"column":47}},"type":"cond-expr","locations":[{"start":{"line":81,"column":34},"end":{"line":81,"column":40}},{"start":{"line":81,"column":43},"end":{"line":81,"column":47}}],"line":81},"7":{"loc":{"start":{"line":94,"column":4},"end":{"line":98,"column":5}},"type":"if","locations":[{"start":{"line":94,"column":4},"end":{"line":98,"column":5}},{"start":{},"end":{}}],"line":94}},"s":{"0":3,"1":3,"2":0,"3":0,"4":0,"5":0,"6":0,"7":3,"8":0,"9":0,"10":0,"11":0,"12":0,"13":0,"14":0,"15":0,"16":0,"17":0,"18":0,"19":0,"20":0,"21":0,"22":0,"23":0,"24":0,"25":0,"26":0,"27":3,"28":0,"29":0,"30":0,"31":0,"32":0,"33":0,"34":0,"35":0,"36":3,"37":0,"38":0,"39":0,"40":0,"41":0,"42":0},"f":{"0":0,"1":0,"2":0,"3":0},"b":{"0":[0],"1":[0],"2":[0,0],"3":[0,0],"4":[0,0],"5":[0,0],"6":[0,0],"7":[0,0]},"_coverageSchema":"1a1c01bbd47fc00a2c39e90264f33305004495a9","hash":"3a71fbfc6c7a3a51849f2b4be8f85b7926c45c04"}
,"C:\\Users\\joelm\\Documents\\gospel\\gospelchantetparole-backend\\serveur\\controllers\\healthController.js": {"path":"C:\\Users\\joelm\\Documents\\gospel\\gospelchantetparole-backend\\serveur\\controllers\\healthController.js","statementMap":{"0":{"start":{"line":2,"column":22},"end":{"line":2,"column":42}},"1":{"start":{"line":4,"column":0},"end":{"line":26,"column":2}},"2":{"start":{"line":5,"column":2},"end":{"line":25,"column":3}},"3":{"start":{"line":7,"column":4},"end":{"line":7,"column":35}},"4":{"start":{"line":9,"column":19},"end":{"line":16,"column":5}},"5":{"start":{"line":18,"column":4},"end":{"line":18,"column":21}},"6":{"start":{"line":20,"column":4},"end":{"line":24,"column":7}}},"fnMap":{"0":{"name":"(anonymous_0)","decl":{"start":{"line":4,"column":17},"end":{"line":4,"column":18}},"loc":{"start":{"line":4,"column":37},"end":{"line":26,"column":1}},"line":4}},"branchMap":{"0":{"loc":{"start":{"line":12,"column":15},"end":{"line":12,"column":57}},"type":"binary-expr","locations":[{"start":{"line":12,"column":15},"end":{"line":12,"column":46}},{"start":{"line":12,"column":50},"end":{"line":12,"column":57}}],"line":12},"1":{"loc":{"start":{"line":13,"column":19},"end":{"line":13,"column":56}},"type":"binary-expr","locations":[{"start":{"line":13,"column":19},"end":{"line":13,"column":39}},{"start":{"line":13,"column":43},"end":{"line":13,"column":56}}],"line":13}},"s":{"0":3,"1":3,"2":0,"3":0,"4":0,"5":0,"6":0},"f":{"0":0},"b":{"0":[0,0],"1":[0,0]},"_coverageSchema":"1a1c01bbd47fc00a2c39e90264f33305004495a9","hash":"a5b949fe0c9ef62a89f88e4ecec4f3f5816dd966"}
,"C:\\Users\\joelm\\Documents\\gospel\\gospelchantetparole-backend\\serveur\\controllers\\signalementController.js": {"path":"C:\\Users\\joelm\\Documents\\gospel\\gospelchantetparole-backend\\serveur\\controllers\\signalementController.js","statementMap":{"0":{"start":{"line":2,"column":41},"end":{"line":2,"column":61}},"1":{"start":{"line":5,"column":0},"end":{"line":31,"column":2}},"2":{"start":{"line":6,"column":2},"end":{"line":30,"column":3}},"3":{"start":{"line":7,"column":47},"end":{"line":7,"column":55}},"4":{"start":{"line":10,"column":18},"end":{"line":10,"column":48}},"5":{"start":{"line":11,"column":4},"end":{"line":15,"column":5}},"6":{"start":{"line":12,"column":6},"end":{"line":14,"column":9}},"7":{"start":{"line":17,"column":24},"end":{"line":22,"column":6}},"8":{"start":{"line":24,"column":4},"end":{"line":27,"column":7}},"9":{"start":{"line":29,"column":4},"end":{"line":29,"column":14}},"10":{"start":{"line":34,"column":0},"end":{"line":72,"column":2}},"11":{"start":{"line":35,"column":2},"end":{"line":71,"column":3}},"12":{"start":{"line":36,"column":47},"end":{"line":36,"column":56}},"13":{"start":{"line":38,"column":24},"end":{"line":38,"column":26}},"14":{"start":{"line":39,"column":4},"end":{"line":41,"column":5}},"15":{"start":{"line":40,"column":6},"end":{"line":40,"column":34}},"16":{"start":{"line":43,"column":25},"end":{"line":56,"column":6}},"17":{"start":{"line":58,"column":4},"end":{"line":68,"column":7}},"18":{"start":{"line":70,"column":4},"end":{"line":70,"column":14}},"19":{"start":{"line":75,"column":0},"end":{"line":99,"column":2}},"20":{"start":{"line":76,"column":2},"end":{"line":98,"column":3}},"21":{"start":{"line":77,"column":19},"end":{"line":77,"column":29}},"22":{"start":{"line":79,"column":24},"end":{"line":84,"column":6}},"23":{"start":{"line":86,"column":4},"end":{"line":90,"column":5}},"24":{"start":{"line":87,"column":6},"end":{"line":89,"column":9}},"25":{"start":{"line":92,"column":4},"end":{"line":95,"column":7}},"26":{"start":{"line":97,"column":4},"end":{"line":97,"column":14}},"27":{"start":{"line":102,"column":0},"end":{"line":124,"column":2}},"28":{"start":{"line":103,"column":2},"end":{"line":123,"column":3}},"29":{"start":{"line":104,"column":19},"end":{"line":104,"column":29}},"30":{"start":{"line":105,"column":23},"end":{"line":105,"column":31}},"31":{"start":{"line":107,"column":24},"end":{"line":107,"column":54}},"32":{"start":{"line":108,"column":4},"end":{"line":112,"column":5}},"33":{"start":{"line":109,"column":6},"end":{"line":111,"column":9}},"34":{"start":{"line":114,"column":4},"end":{"line":114,"column":32}},"35":{"start":{"line":115,"column":4},"end":{"line":115,"column":29}},"36":{"start":{"line":117,"column":4},"end":{"line":120,"column":7}},"37":{"start":{"line":122,"column":4},"end":{"line":122,"column":14}},"38":{"start":{"line":127,"column":0},"end":{"line":146,"column":2}},"39":{"start":{"line":128,"column":2},"end":{"line":145,"column":3}},"40":{"start":{"line":129,"column":19},"end":{"line":129,"column":29}},"41":{"start":{"line":131,"column":24},"end":{"line":131,"column":54}},"42":{"start":{"line":132,"column":4},"end":{"line":136,"column":5}},"43":{"start":{"line":133,"column":6},"end":{"line":135,"column":9}},"44":{"start":{"line":138,"column":4},"end":{"line":138,"column":32}},"45":{"start":{"line":140,"column":4},"end":{"line":142,"column":7}},"46":{"start":{"line":144,"column":4},"end":{"line":144,"column":14}},"47":{"start":{"line":149,"column":0},"end":{"line":190,"column":2}},"48":{"start":{"line":150,"column":2},"end":{"line":189,"column":3}},"49":{"start":{"line":151,"column":30},"end":{"line":151,"column":55}},"50":{"start":{"line":152,"column":33},"end":{"line":158,"column":6}},"51":{"start":{"line":161,"column":30},"end":{"line":177,"column":6}},"52":{"start":{"line":179,"column":4},"end":{"line":186,"column":7}},"53":{"start":{"line":188,"column":4},"end":{"line":188,"column":14}}},"fnMap":{"0":{"name":"(anonymous_0)","decl":{"start":{"line":5,"column":28},"end":{"line":5,"column":29}},"loc":{"start":{"line":5,"column":54},"end":{"line":31,"column":1}},"line":5},"1":{"name":"(anonymous_1)","decl":{"start":{"line":34,"column":29},"end":{"line":34,"column":30}},"loc":{"start":{"line":34,"column":55},"end":{"line":72,"column":1}},"line":34},"2":{"name":"(anonymous_2)","decl":{"start":{"line":75,"column":29},"end":{"line":75,"column":30}},"loc":{"start":{"line":75,"column":55},"end":{"line":99,"column":1}},"line":75},"3":{"name":"(anonymous_3)","decl":{"start":{"line":102,"column":28},"end":{"line":102,"column":29}},"loc":{"start":{"line":102,"column":54},"end":{"line":124,"column":1}},"line":102},"4":{"name":"(anonymous_4)","decl":{"start":{"line":127,"column":28},"end":{"line":127,"column":29}},"loc":{"start":{"line":127,"column":54},"end":{"line":146,"column":1}},"line":127},"5":{"name":"(anonymous_5)","decl":{"start":{"line":149,"column":31},"end":{"line":149,"column":32}},"loc":{"start":{"line":149,"column":57},"end":{"line":190,"column":1}},"line":149}},"branchMap":{"0":{"loc":{"start":{"line":11,"column":4},"end":{"line":15,"column":5}},"type":"if","locations":[{"start":{"line":11,"column":4},"end":{"line":15,"column":5}},{"start":{},"end":{}}],"line":11},"1":{"loc":{"start":{"line":20,"column":15},"end":{"line":20,"column":30}},"type":"binary-expr","locations":[{"start":{"line":20,"column":15},"end":{"line":20,"column":22}},{"start":{"line":20,"column":26},"end":{"line":20,"column":30}}],"line":20},"2":{"loc":{"start":{"line":36,"column":12},"end":{"line":36,"column":22}},"type":"default-arg","locations":[{"start":{"line":36,"column":20},"end":{"line":36,"column":22}}],"line":36},"3":{"loc":{"start":{"line":36,"column":24},"end":{"line":36,"column":34}},"type":"default-arg","locations":[{"start":{"line":36,"column":33},"end":{"line":36,"column":34}}],"line":36},"4":{"loc":{"start":{"line":39,"column":4},"end":{"line":41,"column":5}},"type":"if","locations":[{"start":{"line":39,"column":4},"end":{"line":41,"column":5}},{"start":{},"end":{}}],"line":39},"5":{"loc":{"start":{"line":86,"column":4},"end":{"line":90,"column":5}},"type":"if","locations":[{"start":{"line":86,"column":4},"end":{"line":90,"column":5}},{"start":{},"end":{}}],"line":86},"6":{"loc":{"start":{"line":108,"column":4},"end":{"line":112,"column":5}},"type":"if","locations":[{"start":{"line":108,"column":4},"end":{"line":112,"column":5}},{"start":{},"end":{}}],"line":108},"7":{"loc":{"start":{"line":132,"column":4},"end":{"line":136,"column":5}},"type":"if","locations":[{"start":{"line":132,"column":4},"end":{"line":136,"column":5}},{"start":{},"end":{}}],"line":132}},"s":{"0":3,"1":3,"2":0,"3":0,"4":0,"5":0,"6":0,"7":0,"8":0,"9":0,"10":3,"11":0,"12":0,"13":0,"14":0,"15":0,"16":0,"17":0,"18":0,"19":3,"20":0,"21":0,"22":0,"23":0,"24":0,"25":0,"26":0,"27":3,"28":0,"29":0,"30":0,"31":0,"32":0,"33":0,"34":0,"35":0,"36":0,"37":0,"38":3,"39":0,"40":0,"41":0,"42":0,"43":0,"44":0,"45":0,"46":0,"47":3,"48":0,"49":0,"50":0,"51":0,"52":0,"53":0},"f":{"0":0,"1":0,"2":0,"3":0,"4":0,"5":0},"b":{"0":[0,0],"1":[0,0],"2":[0],"3":[0],"4":[0,0],"5":[0,0],"6":[0,0],"7":[0,0]},"_coverageSchema":"1a1c01bbd47fc00a2c39e90264f33305004495a9","hash":"fb05d7b0771ea4f7c37b9929e841aa23cd19cf95"}
,"C:\\Users\\joelm\\Documents\\gospel\\gospelchantetparole-backend\\serveur\\controllers\\statistiqueController.js": {"path":"C:\\Users\\joelm\\Documents\\gospel\\gospelchantetparole-backend\\serveur\\controllers\\statistiqueController.js","statementMap":{"0":{"start":{"line":2,"column":41},"end":{"line":2,"column":61}},"1":{"start":{"line":3,"column":15},"end":{"line":3,"column":35}},"2":{"start":{"line":6,"column":0},"end":{"line":34,"column":2}},"3":{"start":{"line":7,"column":2},"end":{"line":33,"column":3}},"4":{"start":{"line":8,"column":52},"end":{"line":8,"column":60}},"5":{"start":{"line":11,"column":4},"end":{"line":18,"column":5}},"6":{"start":{"line":12,"column":20},"end":{"line":12,"column":50}},"7":{"start":{"line":13,"column":6},"end":{"line":17,"column":7}},"8":{"start":{"line":14,"column":8},"end":{"line":16,"column":11}},"9":{"start":{"line":20,"column":24},"end":{"line":25,"column":6}},"10":{"start":{"line":27,"column":4},"end":{"line":30,"column":7}},"11":{"start":{"line":32,"column":4},"end":{"line":32,"column":14}},"12":{"start":{"line":37,"column":0},"end":{"line":149,"column":2}},"13":{"start":{"line":38,"column":2},"end":{"line":148,"column":3}},"14":{"start":{"line":39,"column":30},"end":{"line":39,"column":39}},"15":{"start":{"line":42,"column":16},"end":{"line":42,"column":26}},"16":{"start":{"line":45,"column":4},"end":{"line":57,"column":5}},"17":{"start":{"line":47,"column":8},"end":{"line":47,"column":66}},"18":{"start":{"line":48,"column":8},"end":{"line":48,"column":14}},"19":{"start":{"line":50,"column":8},"end":{"line":50,"column":70}},"20":{"start":{"line":51,"column":8},"end":{"line":51,"column":14}},"21":{"start":{"line":53,"column":8},"end":{"line":53,"column":71}},"22":{"start":{"line":54,"column":8},"end":{"line":54,"column":14}},"23":{"start":{"line":56,"column":8},"end":{"line":56,"column":70}},"24":{"start":{"line":60,"column":25},"end":{"line":66,"column":6}},"25":{"start":{"line":68,"column":24},"end":{"line":76,"column":6}},"26":{"start":{"line":79,"column":26},"end":{"line":90,"column":6}},"27":{"start":{"line":93,"column":28},"end":{"line":118,"column":6}},"28":{"start":{"line":121,"column":26},"end":{"line":133,"column":6}},"29":{"start":{"line":135,"column":4},"end":{"line":145,"column":7}},"30":{"start":{"line":147,"column":4},"end":{"line":147,"column":14}},"31":{"start":{"line":152,"column":0},"end":{"line":232,"column":2}},"32":{"start":{"line":153,"column":2},"end":{"line":231,"column":3}},"33":{"start":{"line":154,"column":19},"end":{"line":154,"column":29}},"34":{"start":{"line":155,"column":30},"end":{"line":155,"column":39}},"35":{"start":{"line":158,"column":18},"end":{"line":158,"column":42}},"36":{"start":{"line":159,"column":4},"end":{"line":163,"column":5}},"37":{"start":{"line":160,"column":6},"end":{"line":162,"column":9}},"38":{"start":{"line":166,"column":16},"end":{"line":166,"column":26}},"39":{"start":{"line":169,"column":4},"end":{"line":181,"column":5}},"40":{"start":{"line":171,"column":8},"end":{"line":171,"column":66}},"41":{"start":{"line":172,"column":8},"end":{"line":172,"column":14}},"42":{"start":{"line":174,"column":8},"end":{"line":174,"column":70}},"43":{"start":{"line":175,"column":8},"end":{"line":175,"column":14}},"44":{"start":{"line":177,"column":8},"end":{"line":177,"column":71}},"45":{"start":{"line":178,"column":8},"end":{"line":178,"column":14}},"46":{"start":{"line":180,"column":8},"end":{"line":180,"column":70}},"47":{"start":{"line":184,"column":23},"end":{"line":192,"column":6}},"48":{"start":{"line":194,"column":25},"end":{"line":202,"column":6}},"49":{"start":{"line":204,"column":26},"end":{"line":214,"column":6}},"50":{"start":{"line":216,"column":4},"end":{"line":228,"column":7}},"51":{"start":{"line":230,"column":4},"end":{"line":230,"column":14}}},"fnMap":{"0":{"name":"(anonymous_0)","decl":{"start":{"line":6,"column":22},"end":{"line":6,"column":23}},"loc":{"start":{"line":6,"column":48},"end":{"line":34,"column":1}},"line":6},"1":{"name":"(anonymous_1)","decl":{"start":{"line":37,"column":25},"end":{"line":37,"column":26}},"loc":{"start":{"line":37,"column":51},"end":{"line":149,"column":1}},"line":37},"2":{"name":"(anonymous_2)","decl":{"start":{"line":152,"column":24},"end":{"line":152,"column":25}},"loc":{"start":{"line":152,"column":50},"end":{"line":232,"column":1}},"line":152}},"branchMap":{"0":{"loc":{"start":{"line":11,"column":4},"end":{"line":18,"column":5}},"type":"if","locations":[{"start":{"line":11,"column":4},"end":{"line":18,"column":5}},{"start":{},"end":{}}],"line":11},"1":{"loc":{"start":{"line":13,"column":6},"end":{"line":17,"column":7}},"type":"if","locations":[{"start":{"line":13,"column":6},"end":{"line":17,"column":7}},{"start":{},"end":{}}],"line":13},"2":{"loc":{"start":{"line":22,"column":16},"end":{"line":22,"column":32}},"type":"binary-expr","locations":[{"start":{"line":22,"column":16},"end":{"line":22,"column":24}},{"start":{"line":22,"column":28},"end":{"line":22,"column":32}}],"line":22},"3":{"loc":{"start":{"line":24,"column":16},"end":{"line":24,"column":32}},"type":"binary-expr","locations":[{"start":{"line":24,"column":16},"end":{"line":24,"column":24}},{"start":{"line":24,"column":28},"end":{"line":24,"column":32}}],"line":24},"4":{"loc":{"start":{"line":39,"column":12},"end":{"line":39,"column":25}},"type":"default-arg","locations":[{"start":{"line":39,"column":21},"end":{"line":39,"column":25}}],"line":39},"5":{"loc":{"start":{"line":45,"column":4},"end":{"line":57,"column":5}},"type":"switch","locations":[{"start":{"line":46,"column":6},"end":{"line":48,"column":14}},{"start":{"line":49,"column":6},"end":{"line":51,"column":14}},{"start":{"line":52,"column":6},"end":{"line":54,"column":14}},{"start":{"line":55,"column":6},"end":{"line":56,"column":70}}],"line":45},"6":{"loc":{"start":{"line":155,"column":12},"end":{"line":155,"column":25}},"type":"default-arg","locations":[{"start":{"line":155,"column":21},"end":{"line":155,"column":25}}],"line":155},"7":{"loc":{"start":{"line":159,"column":4},"end":{"line":163,"column":5}},"type":"if","locations":[{"start":{"line":159,"column":4},"end":{"line":163,"column":5}},{"start":{},"end":{}}],"line":159},"8":{"loc":{"start":{"line":169,"column":4},"end":{"line":181,"column":5}},"type":"switch","locations":[{"start":{"line":170,"column":6},"end":{"line":172,"column":14}},{"start":{"line":173,"column":6},"end":{"line":175,"column":14}},{"start":{"line":176,"column":6},"end":{"line":178,"column":14}},{"start":{"line":179,"column":6},"end":{"line":180,"column":70}}],"line":169}},"s":{"0":3,"1":3,"2":3,"3":0,"4":0,"5":0,"6":0,"7":0,"8":0,"9":0,"10":0,"11":0,"12":3,"13":0,"14":0,"15":0,"16":0,"17":0,"18":0,"19":0,"20":0,"21":0,"22":0,"23":0,"24":0,"25":0,"26":0,"27":0,"28":0,"29":0,"30":0,"31":3,"32":0,"33":0,"34":0,"35":0,"36":0,"37":0,"38":0,"39":0,"40":0,"41":0,"42":0,"43":0,"44":0,"45":0,"46":0,"47":0,"48":0,"49":0,"50":0,"51":0},"f":{"0":0,"1":0,"2":0},"b":{"0":[0,0],"1":[0,0],"2":[0,0],"3":[0,0],"4":[0],"5":[0,0,0,0],"6":[0],"7":[0,0],"8":[0,0,0,0]},"_coverageSchema":"1a1c01bbd47fc00a2c39e90264f33305004495a9","hash":"bf7cb6f28e2647a355269c8ebd9e6869d0db6a1e"}
,"C:\\Users\\joelm\\Documents\\gospel\\gospelchantetparole-backend\\serveur\\controllers\\syncController.js": {"path":"C:\\Users\\joelm\\Documents\\gospel\\gospelchantetparole-backend\\serveur\\controllers\\syncController.js","statementMap":{"0":{"start":{"line":2,"column":28},"end":{"line":2,"column":48}},"1":{"start":{"line":3,"column":15},"end":{"line":3,"column":35}},"2":{"start":{"line":6,"column":0},"end":{"line":69,"column":2}},"3":{"start":{"line":7,"column":2},"end":{"line":68,"column":3}},"4":{"start":{"line":8,"column":22},"end":{"line":8,"column":31}},"5":{"start":{"line":10,"column":4},"end":{"line":14,"column":5}},"6":{"start":{"line":11,"column":6},"end":{"line":13,"column":9}},"7":{"start":{"line":17,"column":22},"end":{"line":17,"column":47}},"8":{"start":{"line":19,"column":4},"end":{"line":23,"column":5}},"9":{"start":{"line":20,"column":6},"end":{"line":22,"column":9}},"10":{"start":{"line":26,"column":26},"end":{"line":37,"column":6}},"11":{"start":{"line":40,"column":30},"end":{"line":47,"column":6}},"12":{"start":{"line":50,"column":29},"end":{"line":50,"column":39}},"13":{"start":{"line":52,"column":4},"end":{"line":65,"column":7}},"14":{"start":{"line":67,"column":4},"end":{"line":67,"column":14}},"15":{"start":{"line":72,"column":0},"end":{"line":107,"column":2}},"16":{"start":{"line":73,"column":2},"end":{"line":106,"column":3}},"17":{"start":{"line":75,"column":22},"end":{"line":81,"column":6}},"18":{"start":{"line":84,"column":26},"end":{"line":86,"column":6}},"19":{"start":{"line":89,"column":29},"end":{"line":89,"column":39}},"20":{"start":{"line":91,"column":4},"end":{"line":103,"column":7}},"21":{"start":{"line":105,"column":4},"end":{"line":105,"column":14}},"22":{"start":{"line":110,"column":0},"end":{"line":145,"column":2}},"23":{"start":{"line":111,"column":2},"end":{"line":144,"column":3}},"24":{"start":{"line":113,"column":28},"end":{"line":116,"column":6}},"25":{"start":{"line":119,"column":31},"end":{"line":122,"column":6}},"26":{"start":{"line":125,"column":24},"end":{"line":125,"column":43}},"27":{"start":{"line":126,"column":28},"end":{"line":126,"column":50}},"28":{"start":{"line":128,"column":23},"end":{"line":131,"column":5}},"29":{"start":{"line":133,"column":4},"end":{"line":141,"column":7}},"30":{"start":{"line":143,"column":4},"end":{"line":143,"column":14}}},"fnMap":{"0":{"name":"(anonymous_0)","decl":{"start":{"line":6,"column":21},"end":{"line":6,"column":22}},"loc":{"start":{"line":6,"column":47},"end":{"line":69,"column":1}},"line":6},"1":{"name":"(anonymous_1)","decl":{"start":{"line":72,"column":22},"end":{"line":72,"column":23}},"loc":{"start":{"line":72,"column":48},"end":{"line":107,"column":1}},"line":72},"2":{"name":"(anonymous_2)","decl":{"start":{"line":110,"column":26},"end":{"line":110,"column":27}},"loc":{"start":{"line":110,"column":52},"end":{"line":145,"column":1}},"line":110}},"branchMap":{"0":{"loc":{"start":{"line":10,"column":4},"end":{"line":14,"column":5}},"type":"if","locations":[{"start":{"line":10,"column":4},"end":{"line":14,"column":5}},{"start":{},"end":{}}],"line":10},"1":{"loc":{"start":{"line":19,"column":4},"end":{"line":23,"column":5}},"type":"if","locations":[{"start":{"line":19,"column":4},"end":{"line":23,"column":5}},{"start":{},"end":{}}],"line":19},"2":{"loc":{"start":{"line":129,"column":6},"end":{"line":129,"column":73}},"type":"cond-expr","locations":[{"start":{"line":129,"column":24},"end":{"line":129,"column":69}},{"start":{"line":129,"column":72},"end":{"line":129,"column":73}}],"line":129},"3":{"loc":{"start":{"line":130,"column":6},"end":{"line":130,"column":79}},"type":"cond-expr","locations":[{"start":{"line":130,"column":27},"end":{"line":130,"column":75}},{"start":{"line":130,"column":78},"end":{"line":130,"column":79}}],"line":130}},"s":{"0":3,"1":3,"2":3,"3":0,"4":0,"5":0,"6":0,"7":0,"8":0,"9":0,"10":0,"11":0,"12":0,"13":0,"14":0,"15":3,"16":0,"17":0,"18":0,"19":0,"20":0,"21":0,"22":3,"23":0,"24":0,"25":0,"26":0,"27":0,"28":0,"29":0,"30":0},"f":{"0":0,"1":0,"2":0},"b":{"0":[0,0],"1":[0,0],"2":[0,0],"3":[0,0]},"_coverageSchema":"1a1c01bbd47fc00a2c39e90264f33305004495a9","hash":"988c3bbeed24bac34d89a49f03e6a5c8274b476a"}
,"C:\\Users\\joelm\\Documents\\gospel\\gospelchantetparole-backend\\serveur\\middlewares\\authMiddleware.js": {"path":"C:\\Users\\joelm\\Documents\\gospel\\gospelchantetparole-backend\\serveur\\middlewares\\authMiddleware.js","statementMap":{"0":{"start":{"line":2,"column":12},"end":{"line":2,"column":35}},"1":{"start":{"line":4,"column":0},"end":{"line":14,"column":2}},"2":{"start":{"line":5,"column":21},"end":{"line":5,"column":49}},"3":{"start":{"line":6,"column":16},"end":{"line":6,"column":54}},"4":{"start":{"line":7,"column":2},"end":{"line":7,"column":41}},"5":{"start":{"line":7,"column":14},"end":{"line":7,"column":41}},"6":{"start":{"line":9,"column":2},"end":{"line":13,"column":5}},"7":{"start":{"line":10,"column":4},"end":{"line":10,"column":40}},"8":{"start":{"line":10,"column":13},"end":{"line":10,"column":40}},"9":{"start":{"line":11,"column":4},"end":{"line":11,"column":20}},"10":{"start":{"line":12,"column":4},"end":{"line":12,"column":11}}},"fnMap":{"0":{"name":"(anonymous_0)","decl":{"start":{"line":4,"column":22},"end":{"line":4,"column":23}},"loc":{"start":{"line":4,"column":42},"end":{"line":14,"column":1}},"line":4},"1":{"name":"(anonymous_1)","decl":{"start":{"line":9,"column":44},"end":{"line":9,"column":45}},"loc":{"start":{"line":9,"column":59},"end":{"line":13,"column":3}},"line":9}},"branchMap":{"0":{"loc":{"start":{"line":6,"column":16},"end":{"line":6,"column":54}},"type":"binary-expr","locations":[{"start":{"line":6,"column":16},"end":{"line":6,"column":26}},{"start":{"line":6,"column":30},"end":{"line":6,"column":54}}],"line":6},"1":{"loc":{"start":{"line":7,"column":2},"end":{"line":7,"column":41}},"type":"if","locations":[{"start":{"line":7,"column":2},"end":{"line":7,"column":41}},{"start":{},"end":{}}],"line":7},"2":{"loc":{"start":{"line":10,"column":4},"end":{"line":10,"column":40}},"type":"if","locations":[{"start":{"line":10,"column":4},"end":{"line":10,"column":40}},{"start":{},"end":{}}],"line":10}},"s":{"0":3,"1":3,"2":25,"3":25,"4":25,"5":7,"6":18,"7":18,"8":1,"9":17,"10":17},"f":{"0":25,"1":18},"b":{"0":[25,18],"1":[7,18],"2":[1,17]},"_coverageSchema":"1a1c01bbd47fc00a2c39e90264f33305004495a9","hash":"e18b25865ee53fbddbc59c3e3fa7f20aa40d6c03"}
,"C:\\Users\\joelm\\Documents\\gospel\\gospelchantetparole-backend\\serveur\\middlewares\\errorHandler.js": {"path":"C:\\Users\\joelm\\Documents\\gospel\\gospelchantetparole-backend\\serveur\\middlewares\\errorHandler.js","statementMap":{"0":{"start":{"line":2,"column":0},"end":{"line":32,"column":2}},"1":{"start":{"line":3,"column":2},"end":{"line":3,"column":49}},"2":{"start":{"line":6,"column":2},"end":{"line":11,"column":3}},"3":{"start":{"line":7,"column":4},"end":{"line":10,"column":7}},"4":{"start":{"line":9,"column":34},"end":{"line":9,"column":43}},"5":{"start":{"line":14,"column":2},"end":{"line":18,"column":3}},"6":{"start":{"line":15,"column":4},"end":{"line":17,"column":7}},"7":{"start":{"line":21,"column":2},"end":{"line":25,"column":3}},"8":{"start":{"line":22,"column":4},"end":{"line":24,"column":7}},"9":{"start":{"line":28,"column":2},"end":{"line":31,"column":5}}},"fnMap":{"0":{"name":"(anonymous_0)","decl":{"start":{"line":2,"column":17},"end":{"line":2,"column":18}},"loc":{"start":{"line":2,"column":42},"end":{"line":32,"column":1}},"line":2},"1":{"name":"(anonymous_1)","decl":{"start":{"line":9,"column":29},"end":{"line":9,"column":30}},"loc":{"start":{"line":9,"column":34},"end":{"line":9,"column":43}},"line":9}},"branchMap":{"0":{"loc":{"start":{"line":6,"column":2},"end":{"line":11,"column":3}},"type":"if","locations":[{"start":{"line":6,"column":2},"end":{"line":11,"column":3}},{"start":{},"end":{}}],"line":6},"1":{"loc":{"start":{"line":14,"column":2},"end":{"line":18,"column":3}},"type":"if","locations":[{"start":{"line":14,"column":2},"end":{"line":18,"column":3}},{"start":{},"end":{}}],"line":14},"2":{"loc":{"start":{"line":21,"column":2},"end":{"line":25,"column":3}},"type":"if","locations":[{"start":{"line":21,"column":2},"end":{"line":25,"column":3}},{"start":{},"end":{}}],"line":21},"3":{"loc":{"start":{"line":28,"column":13},"end":{"line":28,"column":34}},"type":"binary-expr","locations":[{"start":{"line":28,"column":13},"end":{"line":28,"column":27}},{"start":{"line":28,"column":31},"end":{"line":28,"column":34}}],"line":28},"4":{"loc":{"start":{"line":29,"column":13},"end":{"line":29,"column":55}},"type":"binary-expr","locations":[{"start":{"line":29,"column":13},"end":{"line":29,"column":24}},{"start":{"line":29,"column":28},"end":{"line":29,"column":55}}],"line":29},"5":{"loc":{"start":{"line":30,"column":8},"end":{"line":30,"column":70}},"type":"binary-expr","locations":[{"start":{"line":30,"column":8},"end":{"line":30,"column":46}},{"start":{"line":30,"column":50},"end":{"line":30,"column":70}}],"line":30}},"s":{"0":3,"1":0,"2":0,"3":0,"4":0,"5":0,"6":0,"7":0,"8":0,"9":0},"f":{"0":0,"1":0},"b":{"0":[0,0],"1":[0,0],"2":[0,0],"3":[0,0],"4":[0,0],"5":[0,0]},"_coverageSchema":"1a1c01bbd47fc00a2c39e90264f33305004495a9","hash":"6a1896134c93dffd010f266870461e51acd45e62"}
,"C:\\Users\\joelm\\Documents\\gospel\\gospelchantetparole-backend\\serveur\\middlewares\\favicon.js": {"path":"C:\\Users\\joelm\\Documents\\gospel\\gospelchantetparole-backend\\serveur\\middlewares\\favicon.js","statementMap":{"0":{"start":{"line":2,"column":16},"end":{"line":2,"column":34}},"1":{"start":{"line":3,"column":13},"end":{"line":3,"column":28}},"2":{"start":{"line":5,"column":21},"end":{"line":12,"column":1}},"3":{"start":{"line":6,"column":2},"end":{"line":10,"column":3}},"4":{"start":{"line":7,"column":4},"end":{"line":7,"column":59}},"5":{"start":{"line":8,"column":4},"end":{"line":8,"column":14}},"6":{"start":{"line":9,"column":4},"end":{"line":9,"column":11}},"7":{"start":{"line":11,"column":2},"end":{"line":11,"column":9}},"8":{"start":{"line":14,"column":0},"end":{"line":14,"column":30}}},"fnMap":{"0":{"name":"(anonymous_0)","decl":{"start":{"line":5,"column":21},"end":{"line":5,"column":22}},"loc":{"start":{"line":5,"column":41},"end":{"line":12,"column":1}},"line":5}},"branchMap":{"0":{"loc":{"start":{"line":6,"column":2},"end":{"line":10,"column":3}},"type":"if","locations":[{"start":{"line":6,"column":2},"end":{"line":10,"column":3}},{"start":{},"end":{}}],"line":6}},"s":{"0":3,"1":3,"2":3,"3":44,"4":0,"5":0,"6":0,"7":44,"8":3},"f":{"0":44},"b":{"0":[0,44]},"_coverageSchema":"1a1c01bbd47fc00a2c39e90264f33305004495a9","hash":"bc0793419810e15d68745415807b3c63ca40648b"}
,"C:\\Users\\joelm\\Documents\\gospel\\gospelchantetparole-backend\\serveur\\middlewares\\security.js": {"path":"C:\\Users\\joelm\\Documents\\gospel\\gospelchantetparole-backend\\serveur\\middlewares\\security.js","statementMap":{"0":{"start":{"line":2,"column":15},"end":{"line":2,"column":32}},"1":{"start":{"line":3,"column":17},"end":{"line":3,"column":45}},"2":{"start":{"line":6,"column":21},"end":{"line":16,"column":1}},"3":{"start":{"line":19,"column":20},"end":{"line":25,"column":2}},"4":{"start":{"line":28,"column":26},"end":{"line":36,"column":1}},"5":{"start":{"line":29,"column":13},"end":{"line":29,"column":26}},"6":{"start":{"line":30,"column":2},"end":{"line":34,"column":3}},"7":{"start":{"line":31,"column":4},"end":{"line":33,"column":7}},"8":{"start":{"line":35,"column":2},"end":{"line":35,"column":9}},"9":{"start":{"line":38,"column":0},"end":{"line":42,"column":2}}},"fnMap":{"0":{"name":"(anonymous_0)","decl":{"start":{"line":28,"column":26},"end":{"line":28,"column":27}},"loc":{"start":{"line":28,"column":46},"end":{"line":36,"column":1}},"line":28}},"branchMap":{"0":{"loc":{"start":{"line":30,"column":2},"end":{"line":34,"column":3}},"type":"if","locations":[{"start":{"line":30,"column":2},"end":{"line":34,"column":3}},{"start":{},"end":{}}],"line":30},"1":{"loc":{"start":{"line":30,"column":6},"end":{"line":30,"column":43}},"type":"binary-expr","locations":[{"start":{"line":30,"column":6},"end":{"line":30,"column":8}},{"start":{"line":30,"column":12},"end":{"line":30,"column":43}}],"line":30}},"s":{"0":0,"1":0,"2":0,"3":0,"4":0,"5":0,"6":0,"7":0,"8":0,"9":0},"f":{"0":0},"b":{"0":[0,0],"1":[0,0]}}
,"C:\\Users\\joelm\\Documents\\gospel\\gospelchantetparole-backend\\serveur\\middlewares\\trackingMiddleware.js": {"path":"C:\\Users\\joelm\\Documents\\gospel\\gospelchantetparole-backend\\serveur\\middlewares\\trackingMiddleware.js","statementMap":{"0":{"start":{"line":2,"column":24},"end":{"line":2,"column":44}},"1":{"start":{"line":5,"column":23},"end":{"line":42,"column":1}},"2":{"start":{"line":6,"column":2},"end":{"line":41,"column":3}},"3":{"start":{"line":8,"column":4},"end":{"line":10,"column":5}},"4":{"start":{"line":9,"column":6},"end":{"line":9,"column":20}},"5":{"start":{"line":13,"column":20},"end":{"line":13,"column":89}},"6":{"start":{"line":14,"column":21},"end":{"line":14,"column":34}},"7":{"start":{"line":16,"column":4},"end":{"line":34,"column":5}},"8":{"start":{"line":18,"column":6},"end":{"line":33,"column":9}},"9":{"start":{"line":19,"column":8},"end":{"line":32,"column":9}},"10":{"start":{"line":20,"column":10},"end":{"line":29,"column":13}},"11":{"start":{"line":31,"column":10},"end":{"line":31,"column":69}},"12":{"start":{"line":36,"column":4},"end":{"line":36,"column":11}},"13":{"start":{"line":39,"column":4},"end":{"line":39,"column":67}},"14":{"start":{"line":40,"column":4},"end":{"line":40,"column":11}},"15":{"start":{"line":45,"column":20},"end":{"line":76,"column":1}},"16":{"start":{"line":46,"column":2},"end":{"line":75,"column":3}},"17":{"start":{"line":47,"column":20},"end":{"line":47,"column":89}},"18":{"start":{"line":48,"column":23},"end":{"line":48,"column":39}},"19":{"start":{"line":50,"column":4},"end":{"line":69,"column":5}},"20":{"start":{"line":52,"column":6},"end":{"line":68,"column":9}},"21":{"start":{"line":53,"column":8},"end":{"line":67,"column":9}},"22":{"start":{"line":54,"column":10},"end":{"line":64,"column":13}},"23":{"start":{"line":66,"column":10},"end":{"line":66,"column":75}},"24":{"start":{"line":71,"column":4},"end":{"line":71,"column":11}},"25":{"start":{"line":73,"column":4},"end":{"line":73,"column":80}},"26":{"start":{"line":74,"column":4},"end":{"line":74,"column":11}},"27":{"start":{"line":79,"column":20},"end":{"line":93,"column":1}},"28":{"start":{"line":80,"column":2},"end":{"line":92,"column":3}},"29":{"start":{"line":81,"column":4},"end":{"line":89,"column":7}},"30":{"start":{"line":91,"column":4},"end":{"line":91,"column":66}},"31":{"start":{"line":95,"column":0},"end":{"line":99,"column":2}}},"fnMap":{"0":{"name":"(anonymous_0)","decl":{"start":{"line":5,"column":23},"end":{"line":5,"column":24}},"loc":{"start":{"line":5,"column":49},"end":{"line":42,"column":1}},"line":5},"1":{"name":"(anonymous_1)","decl":{"start":{"line":18,"column":19},"end":{"line":18,"column":20}},"loc":{"start":{"line":18,"column":31},"end":{"line":33,"column":7}},"line":18},"2":{"name":"(anonymous_2)","decl":{"start":{"line":45,"column":20},"end":{"line":45,"column":21}},"loc":{"start":{"line":45,"column":46},"end":{"line":76,"column":1}},"line":45},"3":{"name":"(anonymous_3)","decl":{"start":{"line":52,"column":19},"end":{"line":52,"column":20}},"loc":{"start":{"line":52,"column":31},"end":{"line":68,"column":7}},"line":52},"4":{"name":"(anonymous_4)","decl":{"start":{"line":79,"column":20},"end":{"line":79,"column":21}},"loc":{"start":{"line":79,"column":79},"end":{"line":93,"column":1}},"line":79}},"branchMap":{"0":{"loc":{"start":{"line":8,"column":4},"end":{"line":10,"column":5}},"type":"if","locations":[{"start":{"line":8,"column":4},"end":{"line":10,"column":5}},{"start":{},"end":{}}],"line":8},"1":{"loc":{"start":{"line":13,"column":20},"end":{"line":13,"column":89}},"type":"binary-expr","locations":[{"start":{"line":13,"column":20},"end":{"line":13,"column":44}},{"start":{"line":13,"column":48},"end":{"line":13,"column":74}},{"start":{"line":13,"column":78},"end":{"line":13,"column":89}}],"line":13},"2":{"loc":{"start":{"line":16,"column":4},"end":{"line":34,"column":5}},"type":"if","locations":[{"start":{"line":16,"column":4},"end":{"line":34,"column":5}},{"start":{},"end":{}}],"line":16},"3":{"loc":{"start":{"line":16,"column":8},"end":{"line":16,"column":27}},"type":"binary-expr","locations":[{"start":{"line":16,"column":8},"end":{"line":16,"column":16}},{"start":{"line":16,"column":20},"end":{"line":16,"column":27}}],"line":16},"4":{"loc":{"start":{"line":47,"column":20},"end":{"line":47,"column":89}},"type":"binary-expr","locations":[{"start":{"line":47,"column":20},"end":{"line":47,"column":44}},{"start":{"line":47,"column":48},"end":{"line":47,"column":74}},{"start":{"line":47,"column":78},"end":{"line":47,"column":89}}],"line":47},"5":{"loc":{"start":{"line":50,"column":4},"end":{"line":69,"column":5}},"type":"if","locations":[{"start":{"line":50,"column":4},"end":{"line":69,"column":5}},{"start":{},"end":{}}],"line":50},"6":{"loc":{"start":{"line":50,"column":8},"end":{"line":50,"column":29}},"type":"binary-expr","locations":[{"start":{"line":50,"column":8},"end":{"line":50,"column":18}},{"start":{"line":50,"column":22},"end":{"line":50,"column":29}}],"line":50},"7":{"loc":{"start":{"line":79,"column":44},"end":{"line":79,"column":59}},"type":"default-arg","locations":[{"start":{"line":79,"column":55},"end":{"line":79,"column":59}}],"line":79},"8":{"loc":{"start":{"line":79,"column":61},"end":{"line":79,"column":74}},"type":"default-arg","locations":[{"start":{"line":79,"column":72},"end":{"line":79,"column":74}}],"line":79}},"s":{"0":3,"1":3,"2":2,"3":2,"4":2,"5":0,"6":0,"7":0,"8":0,"9":0,"10":0,"11":0,"12":0,"13":0,"14":0,"15":3,"16":3,"17":3,"18":3,"19":3,"20":1,"21":1,"22":1,"23":0,"24":3,"25":0,"26":0,"27":3,"28":0,"29":0,"30":0,"31":3},"f":{"0":2,"1":0,"2":3,"3":1,"4":0},"b":{"0":[2,0],"1":[0,0,0],"2":[0,0],"3":[0,0],"4":[3,3,3],"5":[1,2],"6":[3,1],"7":[0],"8":[0]},"_coverageSchema":"1a1c01bbd47fc00a2c39e90264f33305004495a9","hash":"3a442747a4df32113cd75417e8fb20cef42fc84e"}
,"C:\\Users\\joelm\\Documents\\gospel\\gospelchantetparole-backend\\serveur\\middlewares\\validators\\authValidator.js": {"path":"C:\\Users\\joelm\\Documents\\gospel\\gospelchantetparole-backend\\serveur\\middlewares\\validators\\authValidator.js","statementMap":{"0":{"start":{"line":2,"column":17},"end":{"line":2,"column":45}},"1":{"start":{"line":4,"column":0},"end":{"line":27,"column":2}},"2":{"start":{"line":29,"column":0},"end":{"line":39,"column":2}}},"fnMap":{},"branchMap":{},"s":{"0":3,"1":3,"2":3},"f":{},"b":{},"_coverageSchema":"1a1c01bbd47fc00a2c39e90264f33305004495a9","hash":"188f27ceb1d71356a4a6e13f07edd98a35f60116"}
,"C:\\Users\\joelm\\Documents\\gospel\\gospelchantetparole-backend\\serveur\\middlewares\\validators\\categoryValidator.js": {"path":"C:\\Users\\joelm\\Documents\\gospel\\gospelchantetparole-backend\\serveur\\middlewares\\validators\\categoryValidator.js","statementMap":{"0":{"start":{"line":2,"column":17},"end":{"line":2,"column":45}},"1":{"start":{"line":4,"column":0},"end":{"line":12,"column":2}},"2":{"start":{"line":14,"column":0},"end":{"line":21,"column":2}}},"fnMap":{},"branchMap":{},"s":{"0":3,"1":3,"2":3},"f":{},"b":{},"_coverageSchema":"1a1c01bbd47fc00a2c39e90264f33305004495a9","hash":"da04db59ac4ea8d3885cd0305850b9a1fcda51b8"}
,"C:\\Users\\joelm\\Documents\\gospel\\gospelchantetparole-backend\\serveur\\middlewares\\validators\\chantValidator.js": {"path":"C:\\Users\\joelm\\Documents\\gospel\\gospelchantetparole-backend\\serveur\\middlewares\\validators\\chantValidator.js","statementMap":{"0":{"start":{"line":2,"column":24},"end":{"line":2,"column":52}},"1":{"start":{"line":4,"column":0},"end":{"line":24,"column":2}},"2":{"start":{"line":26,"column":0},"end":{"line":44,"column":2}},"3":{"start":{"line":46,"column":0},"end":{"line":61,"column":2}}},"fnMap":{},"branchMap":{},"s":{"0":3,"1":3,"2":3,"3":3},"f":{},"b":{},"_coverageSchema":"1a1c01bbd47fc00a2c39e90264f33305004495a9","hash":"55529bf9703ba3fd10516193a2bf07d17d55f717"}
,"C:\\Users\\joelm\\Documents\\gospel\\gospelchantetparole-backend\\serveur\\middlewares\\validators\\validationHandler.js": {"path":"C:\\Users\\joelm\\Documents\\gospel\\gospelchantetparole-backend\\serveur\\middlewares\\validators\\validationHandler.js","statementMap":{"0":{"start":{"line":2,"column":29},"end":{"line":2,"column":57}},"1":{"start":{"line":4,"column":0},"end":{"line":13,"column":2}},"2":{"start":{"line":5,"column":17},"end":{"line":5,"column":38}},"3":{"start":{"line":6,"column":2},"end":{"line":11,"column":3}},"4":{"start":{"line":7,"column":4},"end":{"line":10,"column":7}},"5":{"start":{"line":12,"column":2},"end":{"line":12,"column":9}}},"fnMap":{"0":{"name":"(anonymous_0)","decl":{"start":{"line":4,"column":33},"end":{"line":4,"column":34}},"loc":{"start":{"line":4,"column":53},"end":{"line":13,"column":1}},"line":4}},"branchMap":{"0":{"loc":{"start":{"line":6,"column":2},"end":{"line":11,"column":3}},"type":"if","locations":[{"start":{"line":6,"column":2},"end":{"line":11,"column":3}},{"start":{},"end":{}}],"line":6}},"s":{"0":3,"1":3,"2":25,"3":25,"4":6,"5":19},"f":{"0":25},"b":{"0":[6,19]},"_coverageSchema":"1a1c01bbd47fc00a2c39e90264f33305004495a9","hash":"f2ff5b0aee53f8a9ec44e31e1529716c47581710"}
,"C:\\Users\\joelm\\Documents\\gospel\\gospelchantetparole-backend\\serveur\\models\\Admin.js": {"path":"C:\\Users\\joelm\\Documents\\gospel\\gospelchantetparole-backend\\serveur\\models\\Admin.js","statementMap":{"0":{"start":{"line":1,"column":22},"end":{"line":1,"column":42}},"1":{"start":{"line":2,"column":18},"end":{"line":2,"column":47}},"2":{"start":{"line":4,"column":14},"end":{"line":24,"column":2}},"3":{"start":{"line":26,"column":0},"end":{"line":26,"column":23}}},"fnMap":{},"branchMap":{},"s":{"0":3,"1":3,"2":3,"3":3},"f":{},"b":{},"_coverageSchema":"1a1c01bbd47fc00a2c39e90264f33305004495a9","hash":"fb30ec5f203906c9a34bf2ad3e94bf3a88ba4429"}
,"C:\\Users\\joelm\\Documents\\gospel\\gospelchantetparole-backend\\serveur\\models\\Category.js": {"path":"C:\\Users\\joelm\\Documents\\gospel\\gospelchantetparole-backend\\serveur\\models\\Category.js","statementMap":{"0":{"start":{"line":1,"column":22},"end":{"line":1,"column":42}},"1":{"start":{"line":2,"column":18},"end":{"line":2,"column":47}},"2":{"start":{"line":4,"column":17},"end":{"line":11,"column":2}},"3":{"start":{"line":13,"column":0},"end":{"line":13,"column":26}}},"fnMap":{},"branchMap":{},"s":{"0":3,"1":3,"2":3,"3":3},"f":{},"b":{},"_coverageSchema":"1a1c01bbd47fc00a2c39e90264f33305004495a9","hash":"8d91a741e32597310bda34b8e715e59ec358b21f"}
,"C:\\Users\\joelm\\Documents\\gospel\\gospelchantetparole-backend\\serveur\\models\\Chant.js": {"path":"C:\\Users\\joelm\\Documents\\gospel\\gospelchantetparole-backend\\serveur\\models\\Chant.js","statementMap":{"0":{"start":{"line":1,"column":22},"end":{"line":1,"column":42}},"1":{"start":{"line":2,"column":18},"end":{"line":2,"column":47}},"2":{"start":{"line":4,"column":14},"end":{"line":15,"column":2}},"3":{"start":{"line":17,"column":0},"end":{"line":17,"column":23}}},"fnMap":{},"branchMap":{},"s":{"0":3,"1":3,"2":3,"3":3},"f":{},"b":{},"_coverageSchema":"1a1c01bbd47fc00a2c39e90264f33305004495a9","hash":"fb85e497b4ce841a9f2413a45673868af51c6d70"}
,"C:\\Users\\joelm\\Documents\\gospel\\gospelchantetparole-backend\\serveur\\models\\Favori.js": {"path":"C:\\Users\\joelm\\Documents\\gospel\\gospelchantetparole-backend\\serveur\\models\\Favori.js","statementMap":{},"fnMap":{},"branchMap":{},"s":{},"f":{},"b":{}}
,"C:\\Users\\joelm\\Documents\\gospel\\gospelchantetparole-backend\\serveur\\models\\Favoris.js": {"path":"C:\\Users\\joelm\\Documents\\gospel\\gospelchantetparole-backend\\serveur\\models\\Favoris.js","statementMap":{"0":{"start":{"line":1,"column":22},"end":{"line":1,"column":42}},"1":{"start":{"line":2,"column":18},"end":{"line":2,"column":47}},"2":{"start":{"line":4,"column":16},"end":{"line":32,"column":2}},"3":{"start":{"line":34,"column":0},"end":{"line":34,"column":25}}},"fnMap":{},"branchMap":{},"s":{"0":3,"1":3,"2":3,"3":3},"f":{},"b":{},"_coverageSchema":"1a1c01bbd47fc00a2c39e90264f33305004495a9","hash":"4d62bde430b59d3b7feec4cceb4ab1e315e47e45"}
,"C:\\Users\\joelm\\Documents\\gospel\\gospelchantetparole-backend\\serveur\\models\\Signalement.js": {"path":"C:\\Users\\joelm\\Documents\\gospel\\gospelchantetparole-backend\\serveur\\models\\Signalement.js","statementMap":{"0":{"start":{"line":1,"column":22},"end":{"line":1,"column":42}},"1":{"start":{"line":2,"column":18},"end":{"line":2,"column":47}},"2":{"start":{"line":4,"column":20},"end":{"line":43,"column":2}},"3":{"start":{"line":45,"column":0},"end":{"line":45,"column":29}}},"fnMap":{},"branchMap":{},"s":{"0":3,"1":3,"2":3,"3":3},"f":{},"b":{},"_coverageSchema":"1a1c01bbd47fc00a2c39e90264f33305004495a9","hash":"51df8669ea551e4a7e32bb565494dbaf7f9ab03c"}
,"C:\\Users\\joelm\\Documents\\gospel\\gospelchantetparole-backend\\serveur\\models\\Statistique.js": {"path":"C:\\Users\\joelm\\Documents\\gospel\\gospelchantetparole-backend\\serveur\\models\\Statistique.js","statementMap":{"0":{"start":{"line":1,"column":22},"end":{"line":1,"column":42}},"1":{"start":{"line":2,"column":18},"end":{"line":2,"column":47}},"2":{"start":{"line":4,"column":20},"end":{"line":41,"column":2}},"3":{"start":{"line":43,"column":0},"end":{"line":43,"column":29}}},"fnMap":{},"branchMap":{},"s":{"0":3,"1":3,"2":3,"3":3},"f":{},"b":{},"_coverageSchema":"1a1c01bbd47fc00a2c39e90264f33305004495a9","hash":"ec768a08e7dd441aa69697bbd1d18c742cd8a3a6"}
,"C:\\Users\\joelm\\Documents\\gospel\\gospelchantetparole-backend\\serveur\\models\\index.js": {"path":"C:\\Users\\joelm\\Documents\\gospel\\gospelchantetparole-backend\\serveur\\models\\index.js","statementMap":{"0":{"start":{"line":2,"column":14},"end":{"line":2,"column":32}},"1":{"start":{"line":3,"column":17},"end":{"line":3,"column":38}},"2":{"start":{"line":4,"column":14},"end":{"line":4,"column":32}},"3":{"start":{"line":5,"column":16},"end":{"line":5,"column":36}},"4":{"start":{"line":6,"column":20},"end":{"line":6,"column":44}},"5":{"start":{"line":7,"column":20},"end":{"line":7,"column":44}},"6":{"start":{"line":10,"column":0},"end":{"line":10,"column":55}},"7":{"start":{"line":11,"column":0},"end":{"line":11,"column":57}},"8":{"start":{"line":14,"column":0},"end":{"line":14,"column":51}},"9":{"start":{"line":15,"column":0},"end":{"line":15,"column":53}},"10":{"start":{"line":18,"column":0},"end":{"line":18,"column":55}},"11":{"start":{"line":19,"column":0},"end":{"line":19,"column":57}},"12":{"start":{"line":22,"column":0},"end":{"line":22,"column":55}},"13":{"start":{"line":23,"column":0},"end":{"line":23,"column":57}},"14":{"start":{"line":25,"column":0},"end":{"line":32,"column":2}}},"fnMap":{},"branchMap":{},"s":{"0":3,"1":3,"2":3,"3":3,"4":3,"5":3,"6":3,"7":3,"8":3,"9":3,"10":3,"11":3,"12":3,"13":3,"14":3},"f":{},"b":{},"_coverageSchema":"1a1c01bbd47fc00a2c39e90264f33305004495a9","hash":"d081010167a3018b39b33c419e010cad0e38d32b"}
,"C:\\Users\\joelm\\Documents\\gospel\\gospelchantetparole-backend\\serveur\\routes\\authRoutes.js": {"path":"C:\\Users\\joelm\\Documents\\gospel\\gospelchantetparole-backend\\serveur\\routes\\authRoutes.js","statementMap":{"0":{"start":{"line":2,"column":16},"end":{"line":2,"column":34}},"1":{"start":{"line":3,"column":15},"end":{"line":3,"column":31}},"2":{"start":{"line":4,"column":23},"end":{"line":4,"column":63}},"3":{"start":{"line":5,"column":24},"end":{"line":5,"column":64}},"4":{"start":{"line":6,"column":28},"end":{"line":6,"column":78}},"5":{"start":{"line":7,"column":35},"end":{"line":7,"column":89}},"6":{"start":{"line":59,"column":0},"end":{"line":59,"column":84}},"7":{"start":{"line":98,"column":0},"end":{"line":98,"column":75}},"8":{"start":{"line":116,"column":0},"end":{"line":116,"column":60}},"9":{"start":{"line":118,"column":0},"end":{"line":118,"column":24}}},"fnMap":{},"branchMap":{},"s":{"0":3,"1":3,"2":3,"3":3,"4":3,"5":3,"6":3,"7":3,"8":3,"9":3},"f":{},"b":{},"_coverageSchema":"1a1c01bbd47fc00a2c39e90264f33305004495a9","hash":"be689e83ddc10129e4093f5f862e7666aa445939"}
,"C:\\Users\\joelm\\Documents\\gospel\\gospelchantetparole-backend\\serveur\\routes\\categoryRoutes.js": {"path":"C:\\Users\\joelm\\Documents\\gospel\\gospelchantetparole-backend\\serveur\\routes\\categoryRoutes.js","statementMap":{"0":{"start":{"line":2,"column":16},"end":{"line":2,"column":34}},"1":{"start":{"line":3,"column":15},"end":{"line":3,"column":31}},"2":{"start":{"line":4,"column":27},"end":{"line":4,"column":71}},"3":{"start":{"line":5,"column":24},"end":{"line":5,"column":64}},"4":{"start":{"line":6,"column":43},"end":{"line":6,"column":97}},"5":{"start":{"line":7,"column":35},"end":{"line":7,"column":89}},"6":{"start":{"line":53,"column":0},"end":{"line":53,"column":43}},"7":{"start":{"line":74,"column":0},"end":{"line":74,"column":47}},"8":{"start":{"line":105,"column":0},"end":{"line":105,"column":97}},"9":{"start":{"line":143,"column":0},"end":{"line":143,"column":99}},"10":{"start":{"line":170,"column":0},"end":{"line":170,"column":62}},"11":{"start":{"line":172,"column":0},"end":{"line":172,"column":24}}},"fnMap":{},"branchMap":{},"s":{"0":3,"1":3,"2":3,"3":3,"4":3,"5":3,"6":3,"7":3,"8":3,"9":3,"10":3,"11":3},"f":{},"b":{},"_coverageSchema":"1a1c01bbd47fc00a2c39e90264f33305004495a9","hash":"fb9c1ed9cf38b646c0ba2bcfe4d7525c818d6590"}
,"C:\\Users\\joelm\\Documents\\gospel\\gospelchantetparole-backend\\serveur\\routes\\chantRoutes.js": {"path":"C:\\Users\\joelm\\Documents\\gospel\\gospelchantetparole-backend\\serveur\\routes\\chantRoutes.js","statementMap":{"0":{"start":{"line":2,"column":16},"end":{"line":2,"column":34}},"1":{"start":{"line":3,"column":15},"end":{"line":3,"column":31}},"2":{"start":{"line":4,"column":24},"end":{"line":4,"column":65}},"3":{"start":{"line":5,"column":24},"end":{"line":5,"column":64}},"4":{"start":{"line":6,"column":54},"end":{"line":6,"column":105}},"5":{"start":{"line":7,"column":35},"end":{"line":7,"column":89}},"6":{"start":{"line":8,"column":40},"end":{"line":8,"column":84}},"7":{"start":{"line":71,"column":0},"end":{"line":71,"column":94}},"8":{"start":{"line":92,"column":0},"end":{"line":92,"column":60}},"9":{"start":{"line":129,"column":0},"end":{"line":129,"column":91}},"10":{"start":{"line":172,"column":0},"end":{"line":172,"column":93}},"11":{"start":{"line":197,"column":0},"end":{"line":197,"column":59}},"12":{"start":{"line":199,"column":0},"end":{"line":199,"column":24}}},"fnMap":{},"branchMap":{},"s":{"0":3,"1":3,"2":3,"3":3,"4":3,"5":3,"6":3,"7":3,"8":3,"9":3,"10":3,"11":3,"12":3},"f":{},"b":{},"_coverageSchema":"1a1c01bbd47fc00a2c39e90264f33305004495a9","hash":"a12687d1f4b3d1a38e4fe3c923548afefd4883c5"}
,"C:\\Users\\joelm\\Documents\\gospel\\gospelchantetparole-backend\\serveur\\routes\\favorisRoutes.js": {"path":"C:\\Users\\joelm\\Documents\\gospel\\gospelchantetparole-backend\\serveur\\routes\\favorisRoutes.js","statementMap":{"0":{"start":{"line":2,"column":16},"end":{"line":2,"column":34}},"1":{"start":{"line":3,"column":15},"end":{"line":3,"column":31}},"2":{"start":{"line":4,"column":26},"end":{"line":4,"column":69}},"3":{"start":{"line":5,"column":24},"end":{"line":5,"column":64}},"4":{"start":{"line":6,"column":17},"end":{"line":6,"column":45}},"5":{"start":{"line":7,"column":35},"end":{"line":7,"column":89}},"6":{"start":{"line":31,"column":30},"end":{"line":46,"column":1}},"7":{"start":{"line":73,"column":0},"end":{"line":73,"column":62}},"8":{"start":{"line":107,"column":0},"end":{"line":107,"column":99}},"9":{"start":{"line":123,"column":0},"end":{"line":123,"column":69}},"10":{"start":{"line":148,"column":0},"end":{"line":148,"column":67}},"11":{"start":{"line":150,"column":0},"end":{"line":150,"column":24}}},"fnMap":{},"branchMap":{},"s":{"0":3,"1":3,"2":3,"3":3,"4":3,"5":3,"6":3,"7":3,"8":3,"9":3,"10":3,"11":3},"f":{},"b":{},"_coverageSchema":"1a1c01bbd47fc00a2c39e90264f33305004495a9","hash":"8baceab0f6dedf09f9d652a8d14d3046cf42bbcd"}
,"C:\\Users\\joelm\\Documents\\gospel\\gospelchantetparole-backend\\serveur\\routes\\healthRoutes.js": {"path":"C:\\Users\\joelm\\Documents\\gospel\\gospelchantetparole-backend\\serveur\\routes\\healthRoutes.js","statementMap":{"0":{"start":{"line":2,"column":16},"end":{"line":2,"column":34}},"1":{"start":{"line":3,"column":15},"end":{"line":3,"column":31}},"2":{"start":{"line":4,"column":25},"end":{"line":4,"column":67}},"3":{"start":{"line":52,"column":0},"end":{"line":52,"column":41}},"4":{"start":{"line":54,"column":0},"end":{"line":54,"column":24}}},"fnMap":{},"branchMap":{},"s":{"0":3,"1":3,"2":3,"3":3,"4":3},"f":{},"b":{},"_coverageSchema":"1a1c01bbd47fc00a2c39e90264f33305004495a9","hash":"21e2913d9eacd33ea83c626b44eb045531d4468d"}
,"C:\\Users\\joelm\\Documents\\gospel\\gospelchantetparole-backend\\serveur\\routes\\signalementRoutes.js": {"path":"C:\\Users\\joelm\\Documents\\gospel\\gospelchantetparole-backend\\serveur\\routes\\signalementRoutes.js","statementMap":{"0":{"start":{"line":2,"column":16},"end":{"line":2,"column":34}},"1":{"start":{"line":3,"column":15},"end":{"line":3,"column":31}},"2":{"start":{"line":4,"column":30},"end":{"line":4,"column":77}},"3":{"start":{"line":5,"column":24},"end":{"line":5,"column":64}},"4":{"start":{"line":6,"column":17},"end":{"line":6,"column":45}},"5":{"start":{"line":7,"column":35},"end":{"line":7,"column":89}},"6":{"start":{"line":38,"column":36},"end":{"line":57,"column":1}},"7":{"start":{"line":60,"column":36},"end":{"line":64,"column":1}},"8":{"start":{"line":101,"column":0},"end":{"line":101,"column":111}},"9":{"start":{"line":133,"column":0},"end":{"line":133,"column":71}},"10":{"start":{"line":149,"column":0},"end":{"line":149,"column":78}},"11":{"start":{"line":174,"column":0},"end":{"line":174,"column":74}},"12":{"start":{"line":213,"column":0},"end":{"line":213,"column":126}},"13":{"start":{"line":238,"column":0},"end":{"line":238,"column":76}},"14":{"start":{"line":240,"column":0},"end":{"line":240,"column":24}}},"fnMap":{},"branchMap":{},"s":{"0":3,"1":3,"2":3,"3":3,"4":3,"5":3,"6":3,"7":3,"8":3,"9":3,"10":3,"11":3,"12":3,"13":3,"14":3},"f":{},"b":{},"_coverageSchema":"1a1c01bbd47fc00a2c39e90264f33305004495a9","hash":"46fd223c99f1ef53e10ee92d4001b0072795a977"}
,"C:\\Users\\joelm\\Documents\\gospel\\gospelchantetparole-backend\\serveur\\routes\\statistiqueRoutes.js": {"path":"C:\\Users\\joelm\\Documents\\gospel\\gospelchantetparole-backend\\serveur\\routes\\statistiqueRoutes.js","statementMap":{"0":{"start":{"line":2,"column":16},"end":{"line":2,"column":34}},"1":{"start":{"line":3,"column":15},"end":{"line":3,"column":31}},"2":{"start":{"line":4,"column":30},"end":{"line":4,"column":77}},"3":{"start":{"line":5,"column":24},"end":{"line":5,"column":64}},"4":{"start":{"line":6,"column":24},"end":{"line":6,"column":52}},"5":{"start":{"line":7,"column":35},"end":{"line":7,"column":89}},"6":{"start":{"line":38,"column":30},"end":{"line":59,"column":1}},"7":{"start":{"line":62,"column":25},"end":{"line":67,"column":1}},"8":{"start":{"line":105,"column":0},"end":{"line":105,"column":104}},"9":{"start":{"line":129,"column":0},"end":{"line":129,"column":109}},"10":{"start":{"line":161,"column":0},"end":{"line":161,"column":118}},"11":{"start":{"line":163,"column":0},"end":{"line":163,"column":24}}},"fnMap":{},"branchMap":{},"s":{"0":3,"1":3,"2":3,"3":3,"4":3,"5":3,"6":3,"7":3,"8":3,"9":3,"10":3,"11":3},"f":{},"b":{},"_coverageSchema":"1a1c01bbd47fc00a2c39e90264f33305004495a9","hash":"bbe9446842fb0fca141920a3a3447de2a19f3a88"}
,"C:\\Users\\joelm\\Documents\\gospel\\gospelchantetparole-backend\\serveur\\routes\\syncRoutes.js": {"path":"C:\\Users\\joelm\\Documents\\gospel\\gospelchantetparole-backend\\serveur\\routes\\syncRoutes.js","statementMap":{"0":{"start":{"line":2,"column":16},"end":{"line":2,"column":34}},"1":{"start":{"line":3,"column":15},"end":{"line":3,"column":31}},"2":{"start":{"line":4,"column":23},"end":{"line":4,"column":63}},"3":{"start":{"line":5,"column":18},"end":{"line":5,"column":46}},"4":{"start":{"line":6,"column":35},"end":{"line":6,"column":89}},"5":{"start":{"line":46,"column":23},"end":{"line":52,"column":1}},"6":{"start":{"line":78,"column":0},"end":{"line":78,"column":90}},"7":{"start":{"line":119,"column":0},"end":{"line":119,"column":48}},"8":{"start":{"line":150,"column":0},"end":{"line":150,"column":56}},"9":{"start":{"line":152,"column":0},"end":{"line":152,"column":24}}},"fnMap":{},"branchMap":{},"s":{"0":3,"1":3,"2":3,"3":3,"4":3,"5":3,"6":3,"7":3,"8":3,"9":3},"f":{},"b":{},"_coverageSchema":"1a1c01bbd47fc00a2c39e90264f33305004495a9","hash":"1a59cfba99108cad6897f40033bf70bc636b783f"}
,"C:\\Users\\joelm\\Documents\\gospel\\gospelchantetparole-backend\\serveur\\services\\hashService.js": {"path":"C:\\Users\\joelm\\Documents\\gospel\\gospelchantetparole-backend\\serveur\\services\\hashService.js","statementMap":{},"fnMap":{},"branchMap":{},"s":{},"f":{},"b":{}}
,"C:\\Users\\joelm\\Documents\\gospel\\gospelchantetparole-backend\\serveur\\services\\logger.js": {"path":"C:\\Users\\joelm\\Documents\\gospel\\gospelchantetparole-backend\\serveur\\services\\logger.js","statementMap":{"0":{"start":{"line":2,"column":16},"end":{"line":2,"column":34}},"1":{"start":{"line":3,"column":13},"end":{"line":3,"column":28}},"2":{"start":{"line":6,"column":15},"end":{"line":25,"column":2}},"3":{"start":{"line":28,"column":0},"end":{"line":32,"column":1}},"4":{"start":{"line":29,"column":2},"end":{"line":31,"column":6}},"5":{"start":{"line":35,"column":16},"end":{"line":43,"column":1}},"6":{"start":{"line":36,"column":2},"end":{"line":42,"column":5}},"7":{"start":{"line":45,"column":17},"end":{"line":54,"column":1}},"8":{"start":{"line":46,"column":2},"end":{"line":53,"column":5}},"9":{"start":{"line":56,"column":0},"end":{"line":60,"column":2}}},"fnMap":{"0":{"name":"(anonymous_0)","decl":{"start":{"line":35,"column":16},"end":{"line":35,"column":17}},"loc":{"start":{"line":35,"column":39},"end":{"line":43,"column":1}},"line":35},"1":{"name":"(anonymous_1)","decl":{"start":{"line":45,"column":17},"end":{"line":45,"column":18}},"loc":{"start":{"line":45,"column":33},"end":{"line":54,"column":1}},"line":45}},"branchMap":{"0":{"loc":{"start":{"line":28,"column":0},"end":{"line":32,"column":1}},"type":"if","locations":[{"start":{"line":28,"column":0},"end":{"line":32,"column":1}},{"start":{},"end":{}}],"line":28}},"s":{"0":0,"1":0,"2":0,"3":0,"4":0,"5":0,"6":0,"7":0,"8":0,"9":0},"f":{"0":0,"1":0},"b":{"0":[0,0]}}
}
