TN:
SF:serveur\app.js
FN:73,(anonymous_0)
FN:102,(anonymous_1)
FN:112,(anonymous_2)
FN:117,(anonymous_3)
FN:127,(anonymous_4)
FN:129,(anonymous_5)
FNF:6
FNH:2
FNDA:6,(anonymous_0)
FNDA:0,(anonymous_1)
FNDA:0,(anonymous_2)
FNDA:0,(anonymous_3)
FNDA:3,(anonymous_4)
FNDA:0,(anonymous_5)
DA:2,3
DA:3,3
DA:4,3
DA:5,3
DA:6,3
DA:7,3
DA:8,3
DA:9,3
DA:10,3
DA:12,3
DA:13,3
DA:14,3
DA:15,3
DA:16,3
DA:17,3
DA:18,3
DA:19,3
DA:20,3
DA:21,3
DA:22,3
DA:24,3
DA:27,3
DA:45,3
DA:48,3
DA:61,3
DA:70,3
DA:73,6
DA:80,3
DA:81,3
DA:82,3
DA:83,3
DA:84,3
DA:85,3
DA:86,3
DA:89,3
DA:92,3
DA:93,3
DA:94,3
DA:95,3
DA:96,3
DA:97,3
DA:98,3
DA:99,3
DA:102,3
DA:103,0
DA:112,3
DA:113,0
DA:117,3
DA:118,0
DA:124,3
DA:127,3
DA:128,3
DA:130,0
DA:133,3
LF:54
LH:50
BRDA:37,0,0,0
BRDA:37,0,1,3
BRDA:37,1,0,3
BRDA:37,1,1,0
BRDA:38,2,0,0
BRDA:38,2,1,3
BRF:6
BRH:3
end_of_record
TN:
SF:serveur\config\config.js
FNF:0
FNH:0
DA:2,0
DA:4,0
DA:66,0
DA:67,0
LF:4
LH:0
BRDA:7,0,0,0
BRDA:7,0,1,0
BRDA:8,1,0,0
BRDA:8,1,1,0
BRDA:9,2,0,0
BRDA:9,2,1,0
BRDA:10,3,0,0
BRDA:10,3,1,0
BRDA:15,4,0,0
BRDA:15,4,1,0
BRDA:19,5,0,0
BRDA:19,5,1,0
BRDA:25,6,0,0
BRDA:25,6,1,0
BRDA:26,7,0,0
BRDA:26,7,1,0
BRDA:27,8,0,0
BRDA:27,8,1,0
BRDA:28,9,0,0
BRDA:28,9,1,0
BRDA:33,10,0,0
BRDA:33,10,1,0
BRDA:37,11,0,0
BRDA:37,11,1,0
BRDA:61,12,0,0
BRDA:61,12,1,0
BRDA:66,13,0,0
BRDA:66,13,1,0
BRF:28
BRH:0
end_of_record
TN:
SF:serveur\config\database.js
FNF:0
FNH:0
DA:1,3
DA:2,3
DA:7,3
DA:8,3
DA:20,0
DA:32,3
LF:6
LH:5
BRDA:7,0,0,3
BRDA:7,0,1,0
BRF:2
BRH:1
end_of_record
TN:
SF:serveur\config\test.config.js
FNF:0
FNH:0
DA:1,0
DA:4,0
DA:15,0
LF:3
LH:0
BRF:0
BRH:0
end_of_record
TN:
SF:serveur\controllers\authController.js
FN:7,(anonymous_0)
FN:50,(anonymous_1)
FN:104,(anonymous_2)
FNF:3
FNH:3
FNDA:3,(anonymous_0)
FNDA:4,(anonymous_1)
FNDA:1,(anonymous_2)
DA:2,3
DA:3,3
DA:4,3
DA:5,3
DA:7,3
DA:8,3
DA:9,3
DA:12,3
DA:13,3
DA:14,0
DA:20,3
DA:22,3
DA:23,1
DA:29,2
DA:32,2
DA:39,2
DA:41,2
DA:46,0
DA:50,3
DA:51,4
DA:52,4
DA:55,4
DA:64,4
DA:65,1
DA:71,3
DA:72,3
DA:73,1
DA:79,2
DA:92,2
DA:94,2
DA:100,0
DA:104,3
DA:105,1
DA:106,1
DA:110,1
DA:111,0
DA:116,1
DA:120,0
LF:38
LH:33
BRDA:13,0,0,0
BRDA:13,0,1,3
BRDA:22,1,0,1
BRDA:22,1,1,2
BRDA:34,2,0,2
BRDA:34,2,1,2
BRDA:64,3,0,1
BRDA:64,3,1,3
BRDA:72,4,0,1
BRDA:72,4,1,2
BRDA:110,5,0,0
BRDA:110,5,1,1
BRF:12
BRH:10
end_of_record
TN:
SF:serveur\controllers\categoryController.js
FN:4,(anonymous_0)
FN:23,(anonymous_1)
FN:45,(anonymous_2)
FN:68,(anonymous_3)
FN:101,(anonymous_4)
FNF:5
FNH:5
FNDA:1,(anonymous_0)
FNDA:2,(anonymous_1)
FNDA:3,(anonymous_2)
FNDA:2,(anonymous_3)
FNDA:3,(anonymous_4)
DA:2,3
DA:4,3
DA:5,1
DA:6,1
DA:14,1
DA:19,0
DA:23,3
DA:24,2
DA:25,2
DA:26,2
DA:33,2
DA:34,1
DA:39,1
DA:41,0
DA:45,3
DA:46,3
DA:47,3
DA:50,3
DA:51,3
DA:52,1
DA:57,2
DA:59,2
DA:64,0
DA:68,3
DA:69,2
DA:70,2
DA:71,2
DA:73,2
DA:74,2
DA:75,1
DA:81,1
DA:82,1
DA:83,1
DA:84,0
DA:90,1
DA:92,1
DA:97,0
DA:101,3
DA:102,3
DA:103,3
DA:105,3
DA:106,3
DA:107,1
DA:113,2
DA:114,2
DA:115,1
DA:120,1
DA:122,1
DA:126,0
LF:49
LH:43
BRDA:33,0,0,1
BRDA:33,0,1,1
BRDA:51,1,0,1
BRDA:51,1,1,2
BRDA:74,2,0,1
BRDA:74,2,1,1
BRDA:81,3,0,1
BRDA:81,3,1,0
BRDA:81,4,0,1
BRDA:81,4,1,1
BRDA:83,5,0,0
BRDA:83,5,1,1
BRDA:90,6,0,1
BRDA:90,6,1,0
BRDA:106,7,0,1
BRDA:106,7,1,2
BRDA:114,8,0,1
BRDA:114,8,1,1
BRF:18
BRH:15
end_of_record
TN:
SF:serveur\controllers\chantController.js
FN:5,(anonymous_0)
FN:44,(anonymous_1)
FN:66,(anonymous_2)
FN:103,(anonymous_3)
FN:148,(anonymous_4)
FNF:5
FNH:5
FNDA:3,(anonymous_0)
FNDA:2,(anonymous_1)
FNDA:2,(anonymous_2)
FNDA:2,(anonymous_3)
FNDA:2,(anonymous_4)
DA:2,3
DA:3,3
DA:5,3
DA:6,3
DA:7,3
DA:8,3
DA:9,3
DA:11,3
DA:18,3
DA:29,3
DA:40,0
DA:44,3
DA:45,2
DA:46,2
DA:47,2
DA:54,2
DA:55,1
DA:60,1
DA:62,0
DA:66,3
DA:67,2
DA:68,2
DA:71,2
DA:72,2
DA:73,2
DA:74,1
DA:80,1
DA:87,1
DA:94,1
DA:99,0
DA:103,3
DA:104,2
DA:105,2
DA:106,2
DA:108,2
DA:109,2
DA:110,1
DA:116,1
DA:117,0
DA:118,0
DA:119,0
DA:125,1
DA:132,1
DA:139,1
DA:144,0
DA:148,3
DA:149,2
DA:150,2
DA:152,2
DA:153,2
DA:154,1
DA:159,1
DA:161,1
DA:165,0
LF:54
LH:46
BRDA:7,0,0,3
BRDA:7,0,1,2
BRDA:8,1,0,3
BRDA:8,1,1,3
BRDA:9,2,0,3
BRDA:9,2,1,2
BRDA:11,3,0,1
BRDA:11,3,1,2
BRDA:54,4,0,1
BRDA:54,4,1,1
BRDA:71,5,0,2
BRDA:71,5,1,0
BRDA:73,6,0,1
BRDA:73,6,1,1
BRDA:83,7,0,1
BRDA:83,7,1,0
BRDA:109,8,0,1
BRDA:109,8,1,1
BRDA:116,9,0,0
BRDA:116,9,1,1
BRDA:118,10,0,0
BRDA:118,10,1,0
BRDA:126,11,0,1
BRDA:126,11,1,0
BRDA:127,12,0,1
BRDA:127,12,1,0
BRDA:128,13,0,0
BRDA:128,13,1,1
BRDA:153,14,0,1
BRDA:153,14,1,1
BRF:30
BRH:22
end_of_record
TN:
SF:serveur\controllers\favorisController.js
FN:5,(anonymous_0)
FN:36,(anonymous_1)
FN:89,(anonymous_2)
FN:111,(anonymous_3)
FNF:4
FNH:0
FNDA:0,(anonymous_0)
FNDA:0,(anonymous_1)
FNDA:0,(anonymous_2)
FNDA:0,(anonymous_3)
DA:2,3
DA:5,3
DA:6,0
DA:7,0
DA:9,0
DA:19,0
DA:31,0
DA:36,3
DA:37,0
DA:38,0
DA:40,0
DA:41,0
DA:46,0
DA:47,0
DA:49,0
DA:50,0
DA:52,0
DA:53,0
DA:54,0
DA:55,0
DA:59,0
DA:66,0
DA:67,0
DA:71,0
DA:74,0
DA:78,0
DA:84,0
DA:89,3
DA:90,0
DA:91,0
DA:93,0
DA:94,0
DA:95,0
DA:100,0
DA:102,0
DA:106,0
DA:111,3
DA:112,0
DA:113,0
DA:114,0
DA:120,0
DA:138,0
DA:147,0
LF:43
LH:5
BRDA:7,0,0,0
BRDA:7,1,0,0
BRDA:40,2,0,0
BRDA:40,2,1,0
BRDA:40,3,0,0
BRDA:40,3,1,0
BRDA:53,4,0,0
BRDA:53,4,1,0
BRDA:66,5,0,0
BRDA:66,5,1,0
BRDA:81,6,0,0
BRDA:81,6,1,0
BRDA:94,7,0,0
BRDA:94,7,1,0
BRF:14
BRH:0
end_of_record
TN:
SF:serveur\controllers\healthController.js
FN:4,(anonymous_0)
FNF:1
FNH:0
FNDA:0,(anonymous_0)
DA:2,3
DA:4,3
DA:5,0
DA:7,0
DA:9,0
DA:18,0
DA:20,0
LF:7
LH:2
BRDA:12,0,0,0
BRDA:12,0,1,0
BRDA:13,1,0,0
BRDA:13,1,1,0
BRF:4
BRH:0
end_of_record
TN:
SF:serveur\controllers\signalementController.js
FN:5,(anonymous_0)
FN:34,(anonymous_1)
FN:75,(anonymous_2)
FN:102,(anonymous_3)
FN:127,(anonymous_4)
FN:149,(anonymous_5)
FNF:6
FNH:0
FNDA:0,(anonymous_0)
FNDA:0,(anonymous_1)
FNDA:0,(anonymous_2)
FNDA:0,(anonymous_3)
FNDA:0,(anonymous_4)
FNDA:0,(anonymous_5)
DA:2,3
DA:5,3
DA:6,0
DA:7,0
DA:10,0
DA:11,0
DA:12,0
DA:17,0
DA:24,0
DA:29,0
DA:34,3
DA:35,0
DA:36,0
DA:38,0
DA:39,0
DA:40,0
DA:43,0
DA:58,0
DA:70,0
DA:75,3
DA:76,0
DA:77,0
DA:79,0
DA:86,0
DA:87,0
DA:92,0
DA:97,0
DA:102,3
DA:103,0
DA:104,0
DA:105,0
DA:107,0
DA:108,0
DA:109,0
DA:114,0
DA:115,0
DA:117,0
DA:122,0
DA:127,3
DA:128,0
DA:129,0
DA:131,0
DA:132,0
DA:133,0
DA:138,0
DA:140,0
DA:144,0
DA:149,3
DA:150,0
DA:151,0
DA:152,0
DA:161,0
DA:179,0
DA:188,0
LF:54
LH:7
BRDA:11,0,0,0
BRDA:11,0,1,0
BRDA:20,1,0,0
BRDA:20,1,1,0
BRDA:36,2,0,0
BRDA:36,3,0,0
BRDA:39,4,0,0
BRDA:39,4,1,0
BRDA:86,5,0,0
BRDA:86,5,1,0
BRDA:108,6,0,0
BRDA:108,6,1,0
BRDA:132,7,0,0
BRDA:132,7,1,0
BRF:14
BRH:0
end_of_record
TN:
SF:serveur\controllers\statistiqueController.js
FN:6,(anonymous_0)
FN:37,(anonymous_1)
FN:152,(anonymous_2)
FNF:3
FNH:0
FNDA:0,(anonymous_0)
FNDA:0,(anonymous_1)
FNDA:0,(anonymous_2)
DA:2,3
DA:3,3
DA:6,3
DA:7,0
DA:8,0
DA:11,0
DA:12,0
DA:13,0
DA:14,0
DA:20,0
DA:27,0
DA:32,0
DA:37,3
DA:38,0
DA:39,0
DA:42,0
DA:45,0
DA:47,0
DA:48,0
DA:50,0
DA:51,0
DA:53,0
DA:54,0
DA:56,0
DA:60,0
DA:68,0
DA:79,0
DA:93,0
DA:121,0
DA:135,0
DA:147,0
DA:152,3
DA:153,0
DA:154,0
DA:155,0
DA:158,0
DA:159,0
DA:160,0
DA:166,0
DA:169,0
DA:171,0
DA:172,0
DA:174,0
DA:175,0
DA:177,0
DA:178,0
DA:180,0
DA:184,0
DA:194,0
DA:204,0
DA:216,0
DA:230,0
LF:52
LH:5
BRDA:11,0,0,0
BRDA:11,0,1,0
BRDA:13,1,0,0
BRDA:13,1,1,0
BRDA:22,2,0,0
BRDA:22,2,1,0
BRDA:24,3,0,0
BRDA:24,3,1,0
BRDA:39,4,0,0
BRDA:45,5,0,0
BRDA:45,5,1,0
BRDA:45,5,2,0
BRDA:45,5,3,0
BRDA:155,6,0,0
BRDA:159,7,0,0
BRDA:159,7,1,0
BRDA:169,8,0,0
BRDA:169,8,1,0
BRDA:169,8,2,0
BRDA:169,8,3,0
BRF:20
BRH:0
end_of_record
TN:
SF:serveur\controllers\syncController.js
FN:6,(anonymous_0)
FN:72,(anonymous_1)
FN:110,(anonymous_2)
FNF:3
FNH:0
FNDA:0,(anonymous_0)
FNDA:0,(anonymous_1)
FNDA:0,(anonymous_2)
DA:2,3
DA:3,3
DA:6,3
DA:7,0
DA:8,0
DA:10,0
DA:11,0
DA:17,0
DA:19,0
DA:20,0
DA:26,0
DA:40,0
DA:50,0
DA:52,0
DA:67,0
DA:72,3
DA:73,0
DA:75,0
DA:84,0
DA:89,0
DA:91,0
DA:105,0
DA:110,3
DA:111,0
DA:113,0
DA:119,0
DA:125,0
DA:126,0
DA:128,0
DA:133,0
DA:143,0
LF:31
LH:5
BRDA:10,0,0,0
BRDA:10,0,1,0
BRDA:19,1,0,0
BRDA:19,1,1,0
BRDA:129,2,0,0
BRDA:129,2,1,0
BRDA:130,3,0,0
BRDA:130,3,1,0
BRF:8
BRH:0
end_of_record
TN:
SF:serveur\middlewares\authMiddleware.js
FN:4,(anonymous_0)
FN:9,(anonymous_1)
FNF:2
FNH:2
FNDA:25,(anonymous_0)
FNDA:18,(anonymous_1)
DA:2,3
DA:4,3
DA:5,25
DA:6,25
DA:7,25
DA:9,18
DA:10,18
DA:11,17
DA:12,17
LF:9
LH:9
BRDA:6,0,0,25
BRDA:6,0,1,18
BRDA:7,1,0,7
BRDA:7,1,1,18
BRDA:10,2,0,1
BRDA:10,2,1,17
BRF:6
BRH:6
end_of_record
TN:
SF:serveur\middlewares\errorHandler.js
FN:2,(anonymous_0)
FN:9,(anonymous_1)
FNF:2
FNH:0
FNDA:0,(anonymous_0)
FNDA:0,(anonymous_1)
DA:2,3
DA:3,0
DA:6,0
DA:7,0
DA:9,0
DA:14,0
DA:15,0
DA:21,0
DA:22,0
DA:28,0
LF:10
LH:1
BRDA:6,0,0,0
BRDA:6,0,1,0
BRDA:14,1,0,0
BRDA:14,1,1,0
BRDA:21,2,0,0
BRDA:21,2,1,0
BRDA:28,3,0,0
BRDA:28,3,1,0
BRDA:29,4,0,0
BRDA:29,4,1,0
BRDA:30,5,0,0
BRDA:30,5,1,0
BRF:12
BRH:0
end_of_record
TN:
SF:serveur\middlewares\favicon.js
FN:5,(anonymous_0)
FNF:1
FNH:1
FNDA:44,(anonymous_0)
DA:2,3
DA:3,3
DA:5,3
DA:6,44
DA:7,0
DA:8,0
DA:9,0
DA:11,44
DA:14,3
LF:9
LH:6
BRDA:6,0,0,0
BRDA:6,0,1,44
BRF:2
BRH:1
end_of_record
TN:
SF:serveur\middlewares\security.js
FN:28,(anonymous_0)
FNF:1
FNH:0
FNDA:0,(anonymous_0)
DA:2,0
DA:3,0
DA:6,0
DA:19,0
DA:28,0
DA:29,0
DA:30,0
DA:31,0
DA:35,0
DA:38,0
LF:10
LH:0
BRDA:30,0,0,0
BRDA:30,0,1,0
BRDA:30,1,0,0
BRDA:30,1,1,0
BRF:4
BRH:0
end_of_record
TN:
SF:serveur\middlewares\trackingMiddleware.js
FN:5,(anonymous_0)
FN:18,(anonymous_1)
FN:45,(anonymous_2)
FN:52,(anonymous_3)
FN:79,(anonymous_4)
FNF:5
FNH:3
FNDA:2,(anonymous_0)
FNDA:0,(anonymous_1)
FNDA:3,(anonymous_2)
FNDA:1,(anonymous_3)
FNDA:0,(anonymous_4)
DA:2,3
DA:5,3
DA:6,2
DA:8,2
DA:9,2
DA:13,0
DA:14,0
DA:16,0
DA:18,0
DA:19,0
DA:20,0
DA:31,0
DA:36,0
DA:39,0
DA:40,0
DA:45,3
DA:46,3
DA:47,3
DA:48,3
DA:50,3
DA:52,1
DA:53,1
DA:54,1
DA:66,0
DA:71,3
DA:73,0
DA:74,0
DA:79,3
DA:80,0
DA:81,0
DA:91,0
DA:95,3
LF:32
LH:16
BRDA:8,0,0,2
BRDA:8,0,1,0
BRDA:13,1,0,0
BRDA:13,1,1,0
BRDA:13,1,2,0
BRDA:16,2,0,0
BRDA:16,2,1,0
BRDA:16,3,0,0
BRDA:16,3,1,0
BRDA:47,4,0,3
BRDA:47,4,1,3
BRDA:47,4,2,3
BRDA:50,5,0,1
BRDA:50,5,1,2
BRDA:50,6,0,3
BRDA:50,6,1,1
BRDA:79,7,0,0
BRDA:79,8,0,0
BRF:18
BRH:8
end_of_record
TN:
SF:serveur\middlewares\validators\authValidator.js
FNF:0
FNH:0
DA:2,3
DA:4,3
DA:29,3
LF:3
LH:3
BRF:0
BRH:0
end_of_record
TN:
SF:serveur\middlewares\validators\categoryValidator.js
FNF:0
FNH:0
DA:2,3
DA:4,3
DA:14,3
LF:3
LH:3
BRF:0
BRH:0
end_of_record
TN:
SF:serveur\middlewares\validators\chantValidator.js
FNF:0
FNH:0
DA:2,3
DA:4,3
DA:26,3
DA:46,3
LF:4
LH:4
BRF:0
BRH:0
end_of_record
TN:
SF:serveur\middlewares\validators\validationHandler.js
FN:4,(anonymous_0)
FNF:1
FNH:1
FNDA:25,(anonymous_0)
DA:2,3
DA:4,3
DA:5,25
DA:6,25
DA:7,6
DA:12,19
LF:6
LH:6
BRDA:6,0,0,6
BRDA:6,0,1,19
BRF:2
BRH:2
end_of_record
TN:
SF:serveur\models\Admin.js
FNF:0
FNH:0
DA:1,3
DA:2,3
DA:4,3
DA:26,3
LF:4
LH:4
BRF:0
BRH:0
end_of_record
TN:
SF:serveur\models\Category.js
FNF:0
FNH:0
DA:1,3
DA:2,3
DA:4,3
DA:13,3
LF:4
LH:4
BRF:0
BRH:0
end_of_record
TN:
SF:serveur\models\Chant.js
FNF:0
FNH:0
DA:1,3
DA:2,3
DA:4,3
DA:17,3
LF:4
LH:4
BRF:0
BRH:0
end_of_record
TN:
SF:serveur\models\Favori.js
FNF:0
FNH:0
LF:0
LH:0
BRF:0
BRH:0
end_of_record
TN:
SF:serveur\models\Favoris.js
FNF:0
FNH:0
DA:1,3
DA:2,3
DA:4,3
DA:34,3
LF:4
LH:4
BRF:0
BRH:0
end_of_record
TN:
SF:serveur\models\Signalement.js
FNF:0
FNH:0
DA:1,3
DA:2,3
DA:4,3
DA:45,3
LF:4
LH:4
BRF:0
BRH:0
end_of_record
TN:
SF:serveur\models\Statistique.js
FNF:0
FNH:0
DA:1,3
DA:2,3
DA:4,3
DA:43,3
LF:4
LH:4
BRF:0
BRH:0
end_of_record
TN:
SF:serveur\models\index.js
FNF:0
FNH:0
DA:2,3
DA:3,3
DA:4,3
DA:5,3
DA:6,3
DA:7,3
DA:10,3
DA:11,3
DA:14,3
DA:15,3
DA:18,3
DA:19,3
DA:22,3
DA:23,3
DA:25,3
LF:15
LH:15
BRF:0
BRH:0
end_of_record
TN:
SF:serveur\routes\authRoutes.js
FNF:0
FNH:0
DA:2,3
DA:3,3
DA:4,3
DA:5,3
DA:6,3
DA:7,3
DA:59,3
DA:98,3
DA:116,3
DA:118,3
LF:10
LH:10
BRF:0
BRH:0
end_of_record
TN:
SF:serveur\routes\categoryRoutes.js
FNF:0
FNH:0
DA:2,3
DA:3,3
DA:4,3
DA:5,3
DA:6,3
DA:7,3
DA:53,3
DA:74,3
DA:105,3
DA:143,3
DA:170,3
DA:172,3
LF:12
LH:12
BRF:0
BRH:0
end_of_record
TN:
SF:serveur\routes\chantRoutes.js
FNF:0
FNH:0
DA:2,3
DA:3,3
DA:4,3
DA:5,3
DA:6,3
DA:7,3
DA:8,3
DA:71,3
DA:92,3
DA:129,3
DA:172,3
DA:197,3
DA:199,3
LF:13
LH:13
BRF:0
BRH:0
end_of_record
TN:
SF:serveur\routes\favorisRoutes.js
FNF:0
FNH:0
DA:2,3
DA:3,3
DA:4,3
DA:5,3
DA:6,3
DA:7,3
DA:31,3
DA:73,3
DA:107,3
DA:123,3
DA:148,3
DA:150,3
LF:12
LH:12
BRF:0
BRH:0
end_of_record
TN:
SF:serveur\routes\healthRoutes.js
FNF:0
FNH:0
DA:2,3
DA:3,3
DA:4,3
DA:52,3
DA:54,3
LF:5
LH:5
BRF:0
BRH:0
end_of_record
TN:
SF:serveur\routes\signalementRoutes.js
FNF:0
FNH:0
DA:2,3
DA:3,3
DA:4,3
DA:5,3
DA:6,3
DA:7,3
DA:38,3
DA:60,3
DA:101,3
DA:133,3
DA:149,3
DA:174,3
DA:213,3
DA:238,3
DA:240,3
LF:15
LH:15
BRF:0
BRH:0
end_of_record
TN:
SF:serveur\routes\statistiqueRoutes.js
FNF:0
FNH:0
DA:2,3
DA:3,3
DA:4,3
DA:5,3
DA:6,3
DA:7,3
DA:38,3
DA:62,3
DA:105,3
DA:129,3
DA:161,3
DA:163,3
LF:12
LH:12
BRF:0
BRH:0
end_of_record
TN:
SF:serveur\routes\syncRoutes.js
FNF:0
FNH:0
DA:2,3
DA:3,3
DA:4,3
DA:5,3
DA:6,3
DA:46,3
DA:78,3
DA:119,3
DA:150,3
DA:152,3
LF:10
LH:10
BRF:0
BRH:0
end_of_record
TN:
SF:serveur\services\hashService.js
FNF:0
FNH:0
LF:0
LH:0
BRF:0
BRH:0
end_of_record
TN:
SF:serveur\services\logger.js
FN:35,(anonymous_0)
FN:45,(anonymous_1)
FNF:2
FNH:0
FNDA:0,(anonymous_0)
FNDA:0,(anonymous_1)
DA:2,0
DA:3,0
DA:6,0
DA:28,0
DA:29,0
DA:35,0
DA:36,0
DA:45,0
DA:46,0
DA:56,0
LF:10
LH:0
BRDA:28,0,0,0
BRDA:28,0,1,0
BRF:2
BRH:0
end_of_record
